#
# A fatal error has been detected by the Java Runtime Environment:
#
#  SIGSEGV (0xb) at pc=0x000000014f3c4b7c, pid=10027, tid=0x000000000000f41f
#
# JRE version: Java(TM) SE Runtime Environment (8.0_111-b14) (build 1.8.0_111-b14)
# Java VM: Java HotSpot(TM) 64-Bit Server VM (25.111-b14 mixed mode bsd-amd64 compressed oops)
# Problematic frame:
# C  [libbridj.dylib+0x7b7c]  Java_org_bridj_JNI_get_1long+0x7c
#
# Failed to write core dump. Core dumps have been disabled. To enable core dumping, try "ulimit -c unlimited" before starting Java again
#
# If you would like to submit a bug report, please visit:
#   http://bugreport.java.com/bugreport/crash.jsp
# The crash happened outside the Java Virtual Machine in native code.
# See problematic frame for where to report the bug.
#

---------------  T H R E A D  ---------------

Current thread (0x00007f934c8e8000):  JavaThread "pool-1-thread-1" [_thread_in_native, id=62495, stack(0x0000700002415000,0x0000700002515000)]

siginfo: si_signo: 11 (SIGSEGV), si_code: 1 (SEGV_MAPERR), si_addr: 0x00007f9350600000

Registers:
RAX=0x00007000025143c0, RBX=0x00007f9350600000, RCX=0x000000068ac35810, RDX=0x00007f9350600000
RSP=0x0000700002514360, RBP=0x0000700002514380, RSI=0x00007000025143c0, RDI=0x00007f934c8e81f8
R8 =0x00007f9350600000, R9 =0x00000000f8030334, R10=0x00000001120f6f41, R11=0xffffffffffffffff
R12=0x00007f934c8e81f8, R13=0x0000000000000001, R14=0x00007000025143c0, R15=0x00007f934c8e8000
RIP=0x000000014f3c4b7c, EFLAGS=0x0000000000010246, ERR=0x0000000000000004
  TRAPNO=0x000000000000000e

Top of Stack: (sp=0x0000700002514360)
0x0000700002514360:   000000068ac35808 0000000000000000
0x0000700002514370:   00007000025143c0 00007f934c8e8000
0x0000700002514380:   00007000025143d0 00000001120f6fb1
0x0000700002514390:   00007f934c8e8000 00007f934c8e8000
0x00007000025143a0:   00007f934c8e8000 00007f93505debc0
0x00007000025143b0:   00007000025143c0 00007f934c8e8000
0x00007000025143c0:   00000003c0000138 0000000111ed4145
0x00007000025143d0:   000000068625a218 000000011212189c
0x00007000025143e0:   0000000686088148 00d3429e00d3429f
0x00007000025143f0:   0000000686088148 000000068625a260
0x0000700002514400:   000000068ac31908 0000000000000000
0x0000700002514410:   000000068ac35808 000000068ac31908
0x0000700002514420:   000000068ab10000 000000068ac35810
0x0000700002514430:   00000007c017ed88 00000007c01819a0
0x0000700002514440:   000000068ac35808 000000068ab30038
0x0000700002514450:   013ce3edd1566000 000000068625a218
0x0000700002514460:   00007f9350600000 00007000025144c8
0x0000700002514470:   000000014f1eda90 000000014f2c62d0
0x0000700002514480:   000000014f1ed758 0000000000000000
0x0000700002514490:   0000000000000000 0000700002514518
0x00007000025144a0:   0000000111dda33d 00000006710734a0
0x00007000025144b0:   0000700002514518 0000000111dda33d
0x00007000025144c0:   000000066f33d1c8 000000066ed9e948
0x00007000025144d0:   000000068ac31908 00007000025144d8
0x00007000025144e0:   0000000146d34917 0000700002514528
0x00007000025144f0:   0000000146da1110 0000000000000000
0x0000700002514500:   0000000146d34930 00007000025144c0
0x0000700002514510:   0000700002514528 0000700002514578
0x0000700002514520:   0000000111dda194 000000068ac2d378
0x0000700002514530:   000000068ac35850 0000700002514538
0x0000700002514540:   0000000146ed069f 0000700002514588
0x0000700002514550:   0000000146ef6da0 0000000000000000 

Instructions: (pc=0x000000014f3c4b7c)
0x000000014f3c4b5c:   85 c0 74 21 41 8b 96 44 01 00 00 49 8b 8e 48 01
0x000000014f3c4b6c:   00 00 4c 89 e7 89 c6 e8 28 a0 ff ff 31 db eb 08
0x000000014f3c4b7c:   48 8b 1b eb 16 48 8b 1b 4c 89 ff e8 d4 a1 ff ff
0x000000014f3c4b8c:   4c 89 e7 4c 89 f6 e8 39 34 00 00 48 89 d8 5b 41 

Register to memory mapping:

RAX=0x00007000025143c0 is pointing into the stack for thread: 0x00007f934c8e8000
RBX=0x00007f9350600000 is an unknown value
RCX=0x000000068ac35810 is an unknown value
RDX=0x00007f9350600000 is an unknown value
RSP=0x0000700002514360 is pointing into the stack for thread: 0x00007f934c8e8000
RBP=0x0000700002514380 is pointing into the stack for thread: 0x00007f934c8e8000
RSI=0x00007000025143c0 is pointing into the stack for thread: 0x00007f934c8e8000
RDI=0x00007f934c8e81f8 is an unknown value
R8 =0x00007f9350600000 is an unknown value
R9 =0x00000000f8030334 is an unknown value
R10=0x00000001120f6f41 is at entry_point+65 in (nmethod*)0x00000001120f6d90
R11=0xffffffffffffffff is an unknown value
R12=0x00007f934c8e81f8 is an unknown value
R13=0x0000000000000001 is an unknown value
R14=0x00007000025143c0 is pointing into the stack for thread: 0x00007f934c8e8000
R15=0x00007f934c8e8000 is a thread


Stack: [0x0000700002415000,0x0000700002515000],  sp=0x0000700002514360,  free space=1020k
Native frames: (J=compiled Java code, j=interpreted, Vv=VM code, C=native code)
C  [libbridj.dylib+0x7b7c]  Java_org_bridj_JNI_get_1long+0x7c
J 829  org.bridj.JNI.get_long(J)J (0 bytes) @ 0x00000001120f6fb1 [0x00000001120f6f00+0xb1]
J 874% C2 pw.tmg.client.module.mac.MacClipboardContent.<init>(Lorg/bridj/Pointer;)V (87 bytes) @ 0x000000011212189c [0x0000000112121680+0x21c]
j  pw.tmg.client.module.mac.MacPlatform.getAllClipboardContent()Lpw/tmg/client/model/ClipboardContent;+7
j  pw.tmg.client.actions.UploadClipboard.call()Lrx/Single;+7
j  pw.tmg.client.actions.UploadClipboard.call()Ljava/lang/Object;+1
j  pw.tmg.client.actions.ActionManager.performAction(Lpw/tmg/client/model/TmgAction;)V+9
j  pw.tmg.client.actions.ActionManager$1.lambda$perform$1(Lpw/tmg/client/model/TmgAction;)V+5
j  pw.tmg.client.actions.ActionManager$1$$Lambda$4.call()V+8
j  pw.tmg.client.module.mac.MacPlatform.lambda$null$0(Lrx/functions/Action0;Lcom/tulskiy/keymaster/common/HotKey;)V+1
j  pw.tmg.client.module.mac.MacPlatform$$Lambda$8.onHotKey(Lcom/tulskiy/keymaster/common/HotKey;)V+5
j  com.tulskiy.keymaster.common.Provider$HotKeyEvent.run()V+11
j  java.util.concurrent.ThreadPoolExecutor.runWorker(Ljava/util/concurrent/ThreadPoolExecutor$Worker;)V+95
j  java.util.concurrent.ThreadPoolExecutor$Worker.run()V+5
j  java.lang.Thread.run()V+11
v  ~StubRoutines::call_stub
V  [libjvm.dylib+0x2ecf8a]
V  [libjvm.dylib+0x2ed718]
V  [libjvm.dylib+0x2ed8c4]
V  [libjvm.dylib+0x348039]
V  [libjvm.dylib+0x56a27b]
V  [libjvm.dylib+0x56b968]
V  [libjvm.dylib+0x489b0a]
C  [libsystem_pthread.dylib+0x399d]  _pthread_body+0x83
C  [libsystem_pthread.dylib+0x391a]  _pthread_body+0x0
C  [libsystem_pthread.dylib+0x1351]  thread_start+0xd
C  0x0000000000000000

Java frames: (J=compiled Java code, j=interpreted, Vv=VM code)
J 829  org.bridj.JNI.get_long(J)J (0 bytes) @ 0x00000001120f6f41 [0x00000001120f6f00+0x41]
J 874% C2 pw.tmg.client.module.mac.MacClipboardContent.<init>(Lorg/bridj/Pointer;)V (87 bytes) @ 0x000000011212189c [0x0000000112121680+0x21c]
j  pw.tmg.client.module.mac.MacPlatform.getAllClipboardContent()Lpw/tmg/client/model/ClipboardContent;+7
j  pw.tmg.client.actions.UploadClipboard.call()Lrx/Single;+7
j  pw.tmg.client.actions.UploadClipboard.call()Ljava/lang/Object;+1
j  pw.tmg.client.actions.ActionManager.performAction(Lpw/tmg/client/model/TmgAction;)V+9
j  pw.tmg.client.actions.ActionManager$1.lambda$perform$1(Lpw/tmg/client/model/TmgAction;)V+5
j  pw.tmg.client.actions.ActionManager$1$$Lambda$4.call()V+8
j  pw.tmg.client.module.mac.MacPlatform.lambda$null$0(Lrx/functions/Action0;Lcom/tulskiy/keymaster/common/HotKey;)V+1
j  pw.tmg.client.module.mac.MacPlatform$$Lambda$8.onHotKey(Lcom/tulskiy/keymaster/common/HotKey;)V+5
j  com.tulskiy.keymaster.common.Provider$HotKeyEvent.run()V+11
j  java.util.concurrent.ThreadPoolExecutor.runWorker(Ljava/util/concurrent/ThreadPoolExecutor$Worker;)V+95
j  java.util.concurrent.ThreadPoolExecutor$Worker.run()V+5
j  java.lang.Thread.run()V+11
v  ~StubRoutines::call_stub

---------------  P R O C E S S  ---------------

Java Threads: ( => current thread )
=>0x00007f934c8e8000 JavaThread "pool-1-thread-1" [_thread_in_native, id=62495, stack(0x0000700002415000,0x0000700002515000)]
  0x00007f934d1fe800 JavaThread "DestroyJavaVM" [_thread_blocked, id=5891, stack(0x000070000011a000,0x000070000021a000)]
  0x00007f934c162000 JavaThread "Java2D Queue Flusher" daemon [_thread_blocked, id=58887, stack(0x0000700002312000,0x0000700002412000)]
  0x00007f934c18b800 JavaThread "Java2D Disposer" daemon [_thread_blocked, id=51791, stack(0x000070000220f000,0x000070000230f000)]
  0x00007f934f80e800 JavaThread "AWT-Shutdown" [_thread_blocked, id=35091, stack(0x0000700001c71000,0x0000700001d71000)]
  0x00007f934e8c7000 JavaThread "AppKit Thread" daemon [_thread_in_native, id=2571, stack(0x00007fff5015a000,0x00007fff5095a000)]
  0x00007f934c0ff800 JavaThread "Thread-1" [_thread_blocked, id=24835, stack(0x0000700001a68000,0x0000700001b68000)]
  0x00007f934c827800 JavaThread "Service Thread" daemon [_thread_blocked, id=23811, stack(0x0000700001862000,0x0000700001962000)]
  0x00007f934d05c000 JavaThread "C1 CompilerThread3" daemon [_thread_blocked, id=23299, stack(0x000070000175f000,0x000070000185f000)]
  0x00007f934d05b000 JavaThread "C2 CompilerThread2" daemon [_thread_blocked, id=22787, stack(0x000070000165c000,0x000070000175c000)]
  0x00007f934e85a800 JavaThread "C2 CompilerThread1" daemon [_thread_blocked, id=22275, stack(0x0000700001559000,0x0000700001659000)]
  0x00007f934c827000 JavaThread "C2 CompilerThread0" daemon [_thread_blocked, id=21763, stack(0x0000700001456000,0x0000700001556000)]
  0x00007f934f001000 JavaThread "JDWP Command Reader" daemon [_thread_in_native, id=21251, stack(0x0000700001353000,0x0000700001453000)]
  0x00007f9349832800 JavaThread "JDWP Event Helper Thread" daemon [_thread_blocked, id=20739, stack(0x0000700001250000,0x0000700001350000)]
  0x00007f934f000000 JavaThread "JDWP Transport Listener: dt_socket" daemon [_thread_blocked, id=20227, stack(0x000070000114d000,0x000070000124d000)]
  0x00007f934c009800 JavaThread "Signal Dispatcher" daemon [_thread_blocked, id=15887, stack(0x000070000104a000,0x000070000114a000)]
  0x00007f934d003000 JavaThread "Finalizer" daemon [_thread_blocked, id=15363, stack(0x0000700000e41000,0x0000700000f41000)]
  0x00007f9349815800 JavaThread "Reference Handler" daemon [_thread_blocked, id=14851, stack(0x0000700000d3e000,0x0000700000e3e000)]

Other Threads:
  0x00007f934c004000 VMThread [stack: 0x0000700000c3b000,0x0000700000d3b000] [id=14339]
  0x00007f934b024800 WatcherThread [stack: 0x0000700001965000,0x0000700001a65000] [id=24323]

VM state:not at safepoint (normal execution)

VM Mutex/Monitor currently owned by a thread: None

Heap:
 PSYoungGen      total 567808K, used 501712K [0x000000066ab00000, 0x00000006c6f00000, 0x00000007c0000000)
  eden space 524288K, 87% used [0x000000066ab00000,0x0000000686a7c178,0x000000068ab00000)
  from space 43520K, 99% used [0x000000068ab00000,0x000000068d578020,0x000000068d580000)
  to   space 231424K, 0% used [0x00000006b8d00000,0x00000006b8d00000,0x00000006c6f00000)
 ParOldGen       total 699392K, used 476068K [0x00000003c0000000, 0x00000003eab00000, 0x000000066ab00000)
  object space 699392K, 68% used [0x00000003c0000000,0x00000003dd0e9020,0x00000003eab00000)
 Metaspace       used 12700K, capacity 12912K, committed 13184K, reserved 1060864K
  class space    used 1549K, capacity 1613K, committed 1664K, reserved 1048576K

Card table byte_map: [0x0000000121192000,0x0000000123193000] byte_map_base: 0x000000011f392000

Marking Bits: (ParMarkBitMap*) 0x00000001116efd20
 Begin Bits: [0x00000001246e9000, 0x00000001346e9000)
 End Bits:   [0x00000001346e9000, 0x00000001446e9000)

Polling page: 0x000000010f569000

CodeCache: size=245760Kb used=3397Kb max_used=3397Kb free=242362Kb
 bounds [0x0000000111dd2000, 0x0000000112132000, 0x0000000120dd2000]
 total_blobs=1355 nmethods=890 adapters=387
 compilation: enabled

Compilation events (10 events):
Event: 18.140 Thread 0x00007f934d05c000  891       1       java.lang.ref.Finalizer::access$000 (4 bytes)
Event: 18.140 Thread 0x00007f934d05c000 nmethod 891 0x0000000112123f90 code [0x00000001121240e0, 0x00000001121241d0]
Event: 18.140 Thread 0x00007f934d05c000  888       3       java.lang.System$2::invokeFinalize (5 bytes)
Event: 18.140 Thread 0x00007f934d05c000 nmethod 888 0x0000000112124250 code [0x00000001121243c0, 0x00000001121245e8]
Event: 18.140 Thread 0x00007f934d05c000  882       3       java.lang.ref.Reference::clear (6 bytes)
Event: 18.140 Thread 0x00007f934d05c000 nmethod 882 0x0000000112124690 code [0x00000001121247e0, 0x0000000112124950]
Event: 18.140 Thread 0x00007f934d05c000  889       3       java.util.zip.ZipFile$ZipFileInflaterInputStream::finalize (5 bytes)
Event: 18.141 Thread 0x00007f934d05c000 nmethod 889 0x00000001121249d0 code [0x0000000112124b40, 0x0000000112124cc8]
Event: 18.141 Thread 0x00007f934d05c000  890       3       java.util.zip.ZipFile$ZipFileInputStream::finalize (5 bytes)
Event: 18.141 Thread 0x00007f934d05c000 nmethod 890 0x0000000112124d50 code [0x0000000112124ec0, 0x0000000112125048]

GC Heap History (10 events):
Event: 18.078 GC heap before
{Heap before GC invocations=1 (full 0):
 PSYoungGen      total 305664K, used 262144K [0x000000066ab00000, 0x0000000680000000, 0x00000007c0000000)
  eden space 262144K, 100% used [0x000000066ab00000,0x000000067ab00000,0x000000067ab00000)
  from space 43520K, 0% used [0x000000067d580000,0x000000067d580000,0x0000000680000000)
  to   space 43520K, 0% used [0x000000067ab00000,0x000000067ab00000,0x000000067d580000)
 ParOldGen       total 699392K, used 0K [0x00000003c0000000, 0x00000003eab00000, 0x000000066ab00000)
  object space 699392K, 0% used [0x00000003c0000000,0x00000003c0000000,0x00000003eab00000)
 Metaspace       used 12692K, capacity 12848K, committed 13184K, reserved 1060864K
  class space    used 1549K, capacity 1613K, committed 1664K, reserved 1048576K
Event: 18.136 GC heap after
Heap after GC invocations=1 (full 0):
 PSYoungGen      total 305664K, used 43490K [0x000000066ab00000, 0x0000000680000000, 0x00000007c0000000)
  eden space 262144K, 0% used [0x000000066ab00000,0x000000066ab00000,0x000000067ab00000)
  from space 43520K, 99% used [0x000000067ab00000,0x000000067d578818,0x000000067d580000)
  to   space 43520K, 0% used [0x000000067d580000,0x000000067d580000,0x0000000680000000)
 ParOldGen       total 699392K, used 30681K [0x00000003c0000000, 0x00000003eab00000, 0x000000066ab00000)
  object space 699392K, 4% used [0x00000003c0000000,0x00000003c1df6598,0x00000003eab00000)
 Metaspace       used 12692K, capacity 12848K, committed 13184K, reserved 1060864K
  class space    used 1549K, capacity 1613K, committed 1664K, reserved 1048576K
}
Event: 18.384 GC heap before
{Heap before GC invocations=2 (full 0):
 PSYoungGen      total 305664K, used 305634K [0x000000066ab00000, 0x0000000680000000, 0x00000007c0000000)
  eden space 262144K, 100% used [0x000000066ab00000,0x000000067ab00000,0x000000067ab00000)
  from space 43520K, 99% used [0x000000067ab00000,0x000000067d578818,0x000000067d580000)
  to   space 43520K, 0% used [0x000000067d580000,0x000000067d580000,0x0000000680000000)
 ParOldGen       total 699392K, used 30681K [0x00000003c0000000, 0x00000003eab00000, 0x000000066ab00000)
  object space 699392K, 4% used [0x00000003c0000000,0x00000003c1df6598,0x00000003eab00000)
 Metaspace       used 12700K, capacity 12912K, committed 13184K, reserved 1060864K
  class space    used 1549K, capacity 1613K, committed 1664K, reserved 1048576K
Event: 18.491 GC heap after
Heap after GC invocations=2 (full 0):
 PSYoungGen      total 305664K, used 43496K [0x000000066ab00000, 0x0000000690000000, 0x00000007c0000000)
  eden space 262144K, 0% used [0x000000066ab00000,0x000000066ab00000,0x000000067ab00000)
  from space 43520K, 99% used [0x000000067d580000,0x000000067fffa210,0x0000000680000000)
  to   space 43520K, 0% used [0x000000067ab00000,0x000000067ab00000,0x000000067d580000)
 ParOldGen       total 699392K, used 104625K [0x00000003c0000000, 0x00000003eab00000, 0x000000066ab00000)
  object space 699392K, 14% used [0x00000003c0000000,0x00000003c662c598,0x00000003eab00000)
 Metaspace       used 12700K, capacity 12912K, committed 13184K, reserved 1060864K
  class space    used 1549K, capacity 1613K, committed 1664K, reserved 1048576K
}
Event: 18.744 GC heap before
{Heap before GC invocations=3 (full 0):
 PSYoungGen      total 305664K, used 305640K [0x000000066ab00000, 0x0000000690000000, 0x00000007c0000000)
  eden space 262144K, 100% used [0x000000066ab00000,0x000000067ab00000,0x000000067ab00000)
  from space 43520K, 99% used [0x000000067d580000,0x000000067fffa210,0x0000000680000000)
  to   space 43520K, 0% used [0x000000067ab00000,0x000000067ab00000,0x000000067d580000)
 ParOldGen       total 699392K, used 104625K [0x00000003c0000000, 0x00000003eab00000, 0x000000066ab00000)
  object space 699392K, 14% used [0x00000003c0000000,0x00000003c662c598,0x00000003eab00000)
 Metaspace       used 12700K, capacity 12912K, committed 13184K, reserved 1060864K
  class space    used 1549K, capacity 1613K, committed 1664K, reserved 1048576K
Event: 18.865 GC heap after
Heap after GC invocations=3 (full 0):
 PSYoungGen      total 305664K, used 43492K [0x000000066ab00000, 0x0000000690000000, 0x00000007c0000000)
  eden space 262144K, 0% used [0x000000066ab00000,0x000000066ab00000,0x000000067ab00000)
  from space 43520K, 99% used [0x000000067ab00000,0x000000067d579310,0x000000067d580000)
  to   space 43520K, 0% used [0x000000068d580000,0x000000068d580000,0x0000000690000000)
 ParOldGen       total 699392K, used 199961K [0x00000003c0000000, 0x00000003eab00000, 0x000000066ab00000)
  object space 699392K, 28% used [0x00000003c0000000,0x00000003cc346598,0x00000003eab00000)
 Metaspace       used 12700K, capacity 12912K, committed 13184K, reserved 1060864K
  class space    used 1549K, capacity 1613K, committed 1664K, reserved 1048576K
}
Event: 19.097 GC heap before
{Heap before GC invocations=4 (full 0):
 PSYoungGen      total 305664K, used 305636K [0x000000066ab00000, 0x0000000690000000, 0x00000007c0000000)
  eden space 262144K, 100% used [0x000000066ab00000,0x000000067ab00000,0x000000067ab00000)
  from space 43520K, 99% used [0x000000067ab00000,0x000000067d579310,0x000000067d580000)
  to   space 43520K, 0% used [0x000000068d580000,0x000000068d580000,0x0000000690000000)
 ParOldGen       total 699392K, used 199961K [0x00000003c0000000, 0x00000003eab00000, 0x000000066ab00000)
  object space 699392K, 28% used [0x00000003c0000000,0x00000003cc346598,0x00000003eab00000)
 Metaspace       used 12700K, capacity 12912K, committed 13184K, reserved 1060864K
  class space    used 1549K, capacity 1613K, committed 1664K, reserved 1048576K
Event: 19.265 GC heap after
Heap after GC invocations=4 (full 0):
 PSYoungGen      total 567808K, used 43495K [0x000000066ab00000, 0x0000000690000000, 0x00000007c0000000)
  eden space 524288K, 0% used [0x000000066ab00000,0x000000066ab00000,0x000000068ab00000)
  from space 43520K, 99% used [0x000000068d580000,0x000000068fff9c70,0x0000000690000000)
  to   space 43520K, 0% used [0x000000068ab00000,0x000000068ab00000,0x000000068d580000)
 ParOldGen       total 699392K, used 308001K [0x00000003c0000000, 0x00000003eab00000, 0x000000066ab00000)
  object space 699392K, 44% used [0x00000003c0000000,0x00000003d2cc8598,0x00000003eab00000)
 Metaspace       used 12700K, capacity 12912K, committed 13184K, reserved 1060864K
  class space    used 1549K, capacity 1613K, committed 1664K, reserved 1048576K
}
Event: 19.867 GC heap before
{Heap before GC invocations=5 (full 0):
 PSYoungGen      total 567808K, used 567783K [0x000000066ab00000, 0x0000000690000000, 0x00000007c0000000)
  eden space 524288K, 100% used [0x000000066ab00000,0x000000068ab00000,0x000000068ab00000)
  from space 43520K, 99% used [0x000000068d580000,0x000000068fff9c70,0x0000000690000000)
  to   space 43520K, 0% used [0x000000068ab00000,0x000000068ab00000,0x000000068d580000)
 ParOldGen       total 699392K, used 308001K [0x00000003c0000000, 0x00000003eab00000, 0x000000066ab00000)
  object space 699392K, 44% used [0x00000003c0000000,0x00000003d2cc8598,0x00000003eab00000)
 Metaspace       used 12700K, capacity 12912K, committed 13184K, reserved 1060864K
  class space    used 1549K, capacity 1613K, committed 1664K, reserved 1048576K
Event: 20.110 GC heap after
Heap after GC invocations=5 (full 0):
 PSYoungGen      total 567808K, used 43488K [0x000000066ab00000, 0x00000006c6f00000, 0x00000007c0000000)
  eden space 524288K, 0% used [0x000000066ab00000,0x000000066ab00000,0x000000068ab00000)
  from space 43520K, 99% used [0x000000068ab00000,0x000000068d578020,0x000000068d580000)
  to   space 231424K, 0% used [0x00000006b8d00000,0x00000006b8d00000,0x00000006c6f00000)
 ParOldGen       total 699392K, used 476068K [0x00000003c0000000, 0x00000003eab00000, 0x000000066ab00000)
  object space 699392K, 68% used [0x00000003c0000000,0x00000003dd0e9020,0x00000003eab00000)
 Metaspace       used 12700K, capacity 12912K, committed 13184K, reserved 1060864K
  class space    used 1549K, capacity 1613K, committed 1664K, reserved 1048576K
}

Deoptimization events (10 events):
Event: 0.523 Thread 0x00007f934c801800 Uncommon trap: reason=unstable_if action=reinterpret pc=0x0000000111fa9e64 method=sun.net.www.ParseUtil.encodePath(Ljava/lang/String;Z)Ljava/lang/String; @ 109
Event: 0.552 Thread 0x00007f934c801800 Uncommon trap: reason=unstable_if action=reinterpret pc=0x0000000111facf30 method=java.lang.String.substring(II)Ljava/lang/String; @ 49
Event: 0.553 Thread 0x00007f934c801800 Uncommon trap: reason=unstable_if action=reinterpret pc=0x0000000111f5d698 method=sun.misc.URLClassPath.getLoader(I)Lsun/misc/URLClassPath$Loader; @ 36
Event: 0.556 Thread 0x00007f934c801800 Uncommon trap: reason=unstable_if action=reinterpret pc=0x0000000111f4e7f8 method=java.lang.String.indexOf([CII[CIII)I @ 134
Event: 0.563 Thread 0x00007f934c801800 Uncommon trap: reason=unstable_if action=reinterpret pc=0x0000000111fef0e0 method=java.lang.String.lastIndexOf([CII[CIII)I @ 66
Event: 0.573 Thread 0x00007f934c0ff800 Uncommon trap: reason=unstable_if action=reinterpret pc=0x0000000111f74344 method=sun.misc.MetaIndex.mayContain(Ljava/lang/String;)Z @ 13
Event: 2.000 Thread 0x00007f934c8e8000 Uncommon trap: reason=unstable_if action=reinterpret pc=0x00000001120c933c method=java.net.URI.match(CJJ)Z @ 19
Event: 2.004 Thread 0x00007f934c8e8000 Uncommon trap: reason=unstable_if action=reinterpret pc=0x0000000111f19a8c method=java.lang.String.startsWith(Ljava/lang/String;I)Z @ 25
Event: 2.006 Thread 0x00007f934c8e8000 Uncommon trap: reason=class_check action=maybe_recompile pc=0x00000001120a570c method=sun.misc.URLClassPath.getLoader(I)Lsun/misc/URLClassPath$Loader; @ 94
Event: 2.006 Thread 0x00007f934c8e8000 Uncommon trap: reason=class_check action=maybe_recompile pc=0x00000001120a570c method=sun.misc.URLClassPath.getLoader(I)Lsun/misc/URLClassPath$Loader; @ 94

Internal exceptions (10 events):
Event: 5.350 Thread 0x00007f934c8e8000 Exception <a 'java/lang/NullPointerException'> (0x000000066f4058d0) thrown at [/Users/java_re/workspace/8-2-build-macosx-x86_64/jdk8u111/7883/hotspot/src/share/vm/interpreter/linkResolver.cpp, line 1280]
Event: 6.013 Thread 0x00007f934c8e8000 Exception <a 'java/lang/RuntimeException': Unaligned pointer access !> (0x000000066f4074b8) thrown at [/Users/java_re/workspace/8-2-build-macosx-x86_64/jdk8u111/7883/hotspot/src/share/vm/prims/jni.cpp, line 735]
Event: 6.634 Thread 0x00007f934c8e8000 Exception <a 'java/lang/NullPointerException'> (0x000000066f408160) thrown at [/Users/java_re/workspace/8-2-build-macosx-x86_64/jdk8u111/7883/hotspot/src/share/vm/interpreter/linkResolver.cpp, line 1280]
Event: 7.158 Thread 0x00007f934c8e8000 Exception <a 'java/lang/RuntimeException': Unaligned pointer access !> (0x000000066f409d38) thrown at [/Users/java_re/workspace/8-2-build-macosx-x86_64/jdk8u111/7883/hotspot/src/share/vm/prims/jni.cpp, line 735]
Event: 7.984 Thread 0x00007f934c8e8000 Exception <a 'java/lang/NullPointerException'> (0x000000066f40a9d0) thrown at [/Users/java_re/workspace/8-2-build-macosx-x86_64/jdk8u111/7883/hotspot/src/share/vm/interpreter/linkResolver.cpp, line 1280]
Event: 8.798 Thread 0x00007f934c8e8000 Exception <a 'java/lang/RuntimeException': Unaligned pointer access !> (0x000000066f40c598) thrown at [/Users/java_re/workspace/8-2-build-macosx-x86_64/jdk8u111/7883/hotspot/src/share/vm/prims/jni.cpp, line 735]
Event: 9.769 Thread 0x00007f934c8e8000 Exception <a 'java/lang/NullPointerException'> (0x000000066f40d240) thrown at [/Users/java_re/workspace/8-2-build-macosx-x86_64/jdk8u111/7883/hotspot/src/share/vm/interpreter/linkResolver.cpp, line 1280]
Event: 10.462 Thread 0x00007f934c8e8000 Exception <a 'java/lang/RuntimeException': Unaligned pointer access !> (0x000000066f40edd0) thrown at [/Users/java_re/workspace/8-2-build-macosx-x86_64/jdk8u111/7883/hotspot/src/share/vm/prims/jni.cpp, line 735]
Event: 11.058 Thread 0x00007f934c8e8000 Exception <a 'java/lang/NullPointerException'> (0x000000066f40f6c0) thrown at [/Users/java_re/workspace/8-2-build-macosx-x86_64/jdk8u111/7883/hotspot/src/share/vm/interpreter/linkResolver.cpp, line 1280]
Event: 13.727 Thread 0x00007f934c8e8000 Exception <a 'java/lang/RuntimeException': Unaligned pointer access !> (0x000000066f410ee0) thrown at [/Users/java_re/workspace/8-2-build-macosx-x86_64/jdk8u111/7883/hotspot/src/share/vm/prims/jni.cpp, line 735]

Events (10 events):
Event: 18.078 Executing VM operation: ParallelGCFailedAllocation
Event: 18.136 Executing VM operation: ParallelGCFailedAllocation done
Event: 18.384 Executing VM operation: ParallelGCFailedAllocation
Event: 18.491 Executing VM operation: ParallelGCFailedAllocation done
Event: 18.744 Executing VM operation: ParallelGCFailedAllocation
Event: 18.865 Executing VM operation: ParallelGCFailedAllocation done
Event: 19.097 Executing VM operation: ParallelGCFailedAllocation
Event: 19.265 Executing VM operation: ParallelGCFailedAllocation done
Event: 19.867 Executing VM operation: ParallelGCFailedAllocation
Event: 20.110 Executing VM operation: ParallelGCFailedAllocation done


Dynamic libraries:
0x000000000637d000 	/System/Library/Frameworks/Cocoa.framework/Versions/A/Cocoa
0x000000000637d000 	/System/Library/Frameworks/Security.framework/Versions/A/Security
0x000000000637d000 	/System/Library/Frameworks/ApplicationServices.framework/Versions/A/ApplicationServices
0x000000000637d000 	/usr/lib/libz.1.dylib
0x000000000637d000 	/usr/lib/libSystem.B.dylib
0x000000000637d000 	/usr/lib/libobjc.A.dylib
0x000000000637d000 	/System/Library/Frameworks/CoreFoundation.framework/Versions/A/CoreFoundation
0x000000000637d000 	/System/Library/Frameworks/Foundation.framework/Versions/C/Foundation
0x000000000637d000 	/System/Library/Frameworks/AppKit.framework/Versions/C/AppKit
0x000000000637d000 	/System/Library/Frameworks/CoreData.framework/Versions/A/CoreData
0x000000000637d000 	/System/Library/PrivateFrameworks/RemoteViewServices.framework/Versions/A/RemoteViewServices
0x000000000637d000 	/System/Library/PrivateFrameworks/UIFoundation.framework/Versions/A/UIFoundation
0x000000000637d000 	/usr/lib/libScreenReader.dylib
0x000000000637d000 	/System/Library/Frameworks/Accelerate.framework/Versions/A/Accelerate
0x000000000637d000 	/System/Library/Frameworks/IOSurface.framework/Versions/A/IOSurface
0x000000000637d000 	/System/Library/Frameworks/AudioToolbox.framework/Versions/A/AudioToolbox
0x000000000637d000 	/System/Library/Frameworks/AudioUnit.framework/Versions/A/AudioUnit
0x000000000637d000 	/System/Library/PrivateFrameworks/DataDetectorsCore.framework/Versions/A/DataDetectorsCore
0x000000000637d000 	/System/Library/PrivateFrameworks/DesktopServicesPriv.framework/Versions/A/DesktopServicesPriv
0x000000000637d000 	/System/Library/Frameworks/Carbon.framework/Versions/A/Frameworks/HIToolbox.framework/Versions/A/HIToolbox
0x000000000637d000 	/System/Library/Frameworks/QuartzCore.framework/Versions/A/QuartzCore
0x000000000637d000 	/System/Library/Frameworks/Carbon.framework/Versions/A/Frameworks/SpeechRecognition.framework/Versions/A/SpeechRecognition
0x000000000637d000 	/usr/lib/libauto.dylib
0x000000000637d000 	/usr/lib/libicucore.A.dylib
0x000000000637d000 	/usr/lib/libxml2.2.dylib
0x000000000637d000 	/System/Library/PrivateFrameworks/CoreUI.framework/Versions/A/CoreUI
0x000000000637d000 	/System/Library/Frameworks/CoreAudio.framework/Versions/A/CoreAudio
0x000000000637d000 	/System/Library/Frameworks/DiskArbitration.framework/Versions/A/DiskArbitration
0x000000000637d000 	/usr/lib/liblangid.dylib
0x000000000637d000 	/System/Library/PrivateFrameworks/MultitouchSupport.framework/Versions/A/MultitouchSupport
0x000000000637d000 	/System/Library/Frameworks/IOKit.framework/Versions/A/IOKit
0x000000000637d000 	/usr/lib/libDiagnosticMessagesClient.dylib
0x000000000637d000 	/System/Library/Frameworks/CoreServices.framework/Versions/A/CoreServices
0x000000000637d000 	/System/Library/PrivateFrameworks/PerformanceAnalysis.framework/Versions/A/PerformanceAnalysis
0x000000000637d000 	/System/Library/PrivateFrameworks/GenerationalStorage.framework/Versions/A/GenerationalStorage
0x000000000637d000 	/System/Library/Frameworks/OpenGL.framework/Versions/A/OpenGL
0x000000000637d000 	/System/Library/PrivateFrameworks/Sharing.framework/Versions/A/Sharing
0x000000000637d000 	/System/Library/Frameworks/CoreGraphics.framework/Versions/A/CoreGraphics
0x000000000637d000 	/System/Library/Frameworks/CoreImage.framework/Versions/A/CoreImage
0x000000000637d000 	/System/Library/Frameworks/CoreText.framework/Versions/A/CoreText
0x000000000637d000 	/System/Library/Frameworks/ImageIO.framework/Versions/A/ImageIO
0x000000000637d000 	/System/Library/PrivateFrameworks/Backup.framework/Versions/A/Backup
0x000000000637d000 	/usr/lib/libextension.dylib
0x000000000637d000 	/usr/lib/libarchive.2.dylib
0x000000000637d000 	/System/Library/Frameworks/CFNetwork.framework/Versions/A/CFNetwork
0x000000000637d000 	/System/Library/Frameworks/SystemConfiguration.framework/Versions/A/SystemConfiguration
0x000000000637d000 	/usr/lib/libCRFSuite.dylib
0x000000000637d000 	/usr/lib/libc++.1.dylib
0x000000000637d000 	/usr/lib/libc++abi.dylib
0x000000000637d000 	/usr/lib/system/libcache.dylib
0x000000000637d000 	/usr/lib/system/libcommonCrypto.dylib
0x000000000637d000 	/usr/lib/system/libcompiler_rt.dylib
0x000000000637d000 	/usr/lib/system/libcopyfile.dylib
0x000000000637d000 	/usr/lib/system/libcorecrypto.dylib
0x000000000637d000 	/usr/lib/system/libdispatch.dylib
0x000000000637d000 	/usr/lib/system/libdyld.dylib
0x000000000637d000 	/usr/lib/system/libkeymgr.dylib
0x000000000637d000 	/usr/lib/system/liblaunch.dylib
0x000000000637d000 	/usr/lib/system/libmacho.dylib
0x000000000637d000 	/usr/lib/system/libquarantine.dylib
0x000000000637d000 	/usr/lib/system/libremovefile.dylib
0x000000000637d000 	/usr/lib/system/libsystem_asl.dylib
0x000000000637d000 	/usr/lib/system/libsystem_blocks.dylib
0x000000000637d000 	/usr/lib/system/libsystem_c.dylib
0x000000000637d000 	/usr/lib/system/libsystem_configuration.dylib
0x000000000637d000 	/usr/lib/system/libsystem_coreservices.dylib
0x000000000637d000 	/usr/lib/system/libsystem_coretls.dylib
0x000000000637d000 	/usr/lib/system/libsystem_dnssd.dylib
0x000000000637d000 	/usr/lib/system/libsystem_info.dylib
0x000000000637d000 	/usr/lib/system/libsystem_kernel.dylib
0x000000000637d000 	/usr/lib/system/libsystem_m.dylib
0x000000000637d000 	/usr/lib/system/libsystem_malloc.dylib
0x000000000637d000 	/usr/lib/system/libsystem_network.dylib
0x000000000637d000 	/usr/lib/system/libsystem_networkextension.dylib
0x000000000637d000 	/usr/lib/system/libsystem_notify.dylib
0x000000000637d000 	/usr/lib/system/libsystem_platform.dylib
0x000000000637d000 	/usr/lib/system/libsystem_pthread.dylib
0x000000000637d000 	/usr/lib/system/libsystem_sandbox.dylib
0x000000000637d000 	/usr/lib/system/libsystem_secinit.dylib
0x000000000637d000 	/usr/lib/system/libsystem_trace.dylib
0x000000000637d000 	/usr/lib/system/libunc.dylib
0x000000000637d000 	/usr/lib/system/libunwind.dylib
0x000000000637d000 	/usr/lib/system/libxpc.dylib
0x000000000637d000 	/usr/lib/libenergytrace.dylib
0x000000000637d000 	/usr/lib/libbsm.0.dylib
0x000000000637d000 	/usr/lib/system/libkxld.dylib
0x000000000637d000 	/usr/lib/libxar.1.dylib
0x000000000637d000 	/usr/lib/libsqlite3.dylib
0x000000000637d000 	/usr/lib/libpam.2.dylib
0x000000000637d000 	/usr/lib/libOpenScriptingUtil.dylib
0x000000000637d000 	/usr/lib/libbz2.1.0.dylib
0x000000000637d000 	/usr/lib/liblzma.5.dylib
0x000000000637d000 	/System/Library/Frameworks/CoreServices.framework/Versions/A/Frameworks/FSEvents.framework/Versions/A/FSEvents
0x000000000637d000 	/System/Library/Frameworks/CoreServices.framework/Versions/A/Frameworks/CarbonCore.framework/Versions/A/CarbonCore
0x000000000637d000 	/System/Library/Frameworks/CoreServices.framework/Versions/A/Frameworks/Metadata.framework/Versions/A/Metadata
0x000000000637d000 	/System/Library/Frameworks/CoreServices.framework/Versions/A/Frameworks/OSServices.framework/Versions/A/OSServices
0x000000000637d000 	/System/Library/Frameworks/CoreServices.framework/Versions/A/Frameworks/SearchKit.framework/Versions/A/SearchKit
0x000000000637d000 	/System/Library/Frameworks/CoreServices.framework/Versions/A/Frameworks/AE.framework/Versions/A/AE
0x000000000637d000 	/System/Library/Frameworks/CoreServices.framework/Versions/A/Frameworks/LaunchServices.framework/Versions/A/LaunchServices
0x000000000637d000 	/System/Library/Frameworks/CoreServices.framework/Versions/A/Frameworks/DictionaryServices.framework/Versions/A/DictionaryServices
0x000000000637d000 	/System/Library/Frameworks/CoreServices.framework/Versions/A/Frameworks/SharedFileList.framework/Versions/A/SharedFileList
0x000000000637d000 	/System/Library/Frameworks/NetFS.framework/Versions/A/NetFS
0x000000000637d000 	/System/Library/PrivateFrameworks/NetAuth.framework/Versions/A/NetAuth
0x000000000637d000 	/System/Library/PrivateFrameworks/login.framework/Versions/A/Frameworks/loginsupport.framework/Versions/A/loginsupport
0x000000000637d000 	/System/Library/PrivateFrameworks/TCC.framework/Versions/A/TCC
0x000000000637d000 	/usr/lib/libmecabra.dylib
0x000000000637d000 	/System/Library/Frameworks/ApplicationServices.framework/Versions/A/Frameworks/ATS.framework/Versions/A/ATS
0x000000000637d000 	/System/Library/Frameworks/ApplicationServices.framework/Versions/A/Frameworks/ColorSync.framework/Versions/A/ColorSync
0x000000000637d000 	/System/Library/Frameworks/ApplicationServices.framework/Versions/A/Frameworks/HIServices.framework/Versions/A/HIServices
0x000000000637d000 	/System/Library/Frameworks/ApplicationServices.framework/Versions/A/Frameworks/LangAnalysis.framework/Versions/A/LangAnalysis
0x000000000637d000 	/System/Library/Frameworks/ApplicationServices.framework/Versions/A/Frameworks/PrintCore.framework/Versions/A/PrintCore
0x000000000637d000 	/System/Library/Frameworks/ApplicationServices.framework/Versions/A/Frameworks/QD.framework/Versions/A/QD
0x000000000637d000 	/System/Library/Frameworks/ApplicationServices.framework/Versions/A/Frameworks/SpeechSynthesis.framework/Versions/A/SpeechSynthesis
0x000000000637d000 	/System/Library/Frameworks/Metal.framework/Versions/A/Metal
0x000000000637d000 	/System/Library/Frameworks/Accelerate.framework/Versions/A/Frameworks/vImage.framework/Versions/A/vImage
0x000000000637d000 	/System/Library/Frameworks/Accelerate.framework/Versions/A/Frameworks/vecLib.framework/Versions/A/vecLib
0x000000000637d000 	/System/Library/Frameworks/Accelerate.framework/Versions/A/Frameworks/vecLib.framework/Versions/A/libvDSP.dylib
0x000000000637d000 	/System/Library/Frameworks/Accelerate.framework/Versions/A/Frameworks/vecLib.framework/Versions/A/libvMisc.dylib
0x000000000637d000 	/System/Library/Frameworks/Accelerate.framework/Versions/A/Frameworks/vecLib.framework/Versions/A/libLAPACK.dylib
0x000000000637d000 	/System/Library/Frameworks/Accelerate.framework/Versions/A/Frameworks/vecLib.framework/Versions/A/libBLAS.dylib
0x000000000637d000 	/System/Library/Frameworks/Accelerate.framework/Versions/A/Frameworks/vecLib.framework/Versions/A/libLinearAlgebra.dylib
0x000000000637d000 	/System/Library/Frameworks/Accelerate.framework/Versions/A/Frameworks/vecLib.framework/Versions/A/libSparseBLAS.dylib
0x000000000637d000 	/System/Library/PrivateFrameworks/GPUCompiler.framework/libmetal_timestamp.dylib
0x000000000637d000 	/System/Library/Frameworks/OpenGL.framework/Versions/A/Libraries/libCoreFSCache.dylib
0x000000000637d000 	/System/Library/PrivateFrameworks/IOAccelerator.framework/Versions/A/IOAccelerator
0x000000000637d000 	/System/Library/Frameworks/ApplicationServices.framework/Versions/A/Frameworks/ATS.framework/Versions/A/Resources/libFontParser.dylib
0x000000000637d000 	/System/Library/Frameworks/ApplicationServices.framework/Versions/A/Frameworks/ATS.framework/Versions/A/Resources/libFontRegistry.dylib
0x000000000637d000 	/System/Library/PrivateFrameworks/AppleVPA.framework/Versions/A/AppleVPA
0x000000000637d000 	/System/Library/PrivateFrameworks/AppleJPEG.framework/Versions/A/AppleJPEG
0x000000000637d000 	/System/Library/Frameworks/ImageIO.framework/Versions/A/Resources/libJPEG.dylib
0x000000000637d000 	/System/Library/Frameworks/ImageIO.framework/Versions/A/Resources/libTIFF.dylib
0x000000000637d000 	/System/Library/Frameworks/ImageIO.framework/Versions/A/Resources/libPng.dylib
0x000000000637d000 	/System/Library/Frameworks/ImageIO.framework/Versions/A/Resources/libGIF.dylib
0x000000000637d000 	/System/Library/Frameworks/ImageIO.framework/Versions/A/Resources/libJP2.dylib
0x000000000637d000 	/System/Library/Frameworks/ImageIO.framework/Versions/A/Resources/libRadiance.dylib
0x000000000637d000 	/System/Library/Frameworks/CoreVideo.framework/Versions/A/CoreVideo
0x000000000637d000 	/System/Library/Frameworks/OpenGL.framework/Versions/A/Libraries/libGLU.dylib
0x000000000637d000 	/System/Library/Frameworks/OpenGL.framework/Versions/A/Libraries/libGFXShared.dylib
0x000000000637d000 	/System/Library/Frameworks/OpenGL.framework/Versions/A/Libraries/libGL.dylib
0x000000000637d000 	/System/Library/Frameworks/OpenGL.framework/Versions/A/Libraries/libGLImage.dylib
0x000000000637d000 	/System/Library/Frameworks/OpenGL.framework/Versions/A/Libraries/libCVMSPluginSupport.dylib
0x000000000637d000 	/System/Library/Frameworks/OpenGL.framework/Versions/A/Libraries/libCoreVMClient.dylib
0x000000000637d000 	/usr/lib/libcompression.dylib
0x000000000637d000 	/usr/lib/libcups.2.dylib
0x000000000637d000 	/System/Library/Frameworks/Kerberos.framework/Versions/A/Kerberos
0x000000000637d000 	/System/Library/Frameworks/GSS.framework/Versions/A/GSS
0x000000000637d000 	/usr/lib/libresolv.9.dylib
0x000000000637d000 	/usr/lib/libiconv.2.dylib
0x000000000637d000 	/System/Library/PrivateFrameworks/Heimdal.framework/Versions/A/Heimdal
0x000000000637d000 	/usr/lib/libheimdal-asn1.dylib
0x000000000637d000 	/System/Library/Frameworks/OpenDirectory.framework/Versions/A/OpenDirectory
0x000000000637d000 	/System/Library/PrivateFrameworks/CommonAuth.framework/Versions/A/CommonAuth
0x000000000637d000 	/System/Library/Frameworks/OpenDirectory.framework/Versions/A/Frameworks/CFOpenDirectory.framework/Versions/A/CFOpenDirectory
0x000000000637d000 	/System/Library/Frameworks/SecurityFoundation.framework/Versions/A/SecurityFoundation
0x000000000637d000 	/System/Library/PrivateFrameworks/LanguageModeling.framework/Versions/A/LanguageModeling
0x000000000637d000 	/usr/lib/libmarisa.dylib
0x000000000637d000 	/usr/lib/libChineseTokenizer.dylib
0x000000000637d000 	/usr/lib/libcmph.dylib
0x000000000637d000 	/System/Library/Frameworks/ServiceManagement.framework/Versions/A/ServiceManagement
0x000000000637d000 	/usr/lib/libxslt.1.dylib
0x000000000637d000 	/System/Library/Frameworks/Carbon.framework/Versions/A/Frameworks/Ink.framework/Versions/A/Ink
0x000000000637d000 	/usr/lib/libFosl_dynamic.dylib
0x000000000637d000 	/System/Library/PrivateFrameworks/FaceCore.framework/Versions/A/FaceCore
0x000000000637d000 	/System/Library/Frameworks/OpenCL.framework/Versions/A/OpenCL
0x000000000637d000 	/System/Library/PrivateFrameworks/CrashReporterSupport.framework/Versions/A/CrashReporterSupport
0x000000000637d000 	/System/Library/PrivateFrameworks/IconServices.framework/Versions/A/IconServices
0x000000000637d000 	/System/Library/PrivateFrameworks/Apple80211.framework/Versions/A/Apple80211
0x000000000637d000 	/System/Library/Frameworks/CoreWLAN.framework/Versions/A/CoreWLAN
0x000000000637d000 	/System/Library/Frameworks/IOBluetooth.framework/Versions/A/IOBluetooth
0x000000000637d000 	/System/Library/PrivateFrameworks/CoreWiFi.framework/Versions/A/CoreWiFi
0x000000000637d000 	/System/Library/Frameworks/CoreBluetooth.framework/Versions/A/CoreBluetooth
0x000000000637d000 	/System/Library/PrivateFrameworks/ChunkingLibrary.framework/Versions/A/ChunkingLibrary
0x000000000637d000 	/System/Library/PrivateFrameworks/DebugSymbols.framework/Versions/A/DebugSymbols
0x000000000637d000 	/System/Library/PrivateFrameworks/CoreSymbolication.framework/Versions/A/CoreSymbolication
0x000000000637d000 	/System/Library/PrivateFrameworks/Symbolication.framework/Versions/A/Symbolication
0x000000000637d000 	/System/Library/PrivateFrameworks/SpeechRecognitionCore.framework/Versions/A/SpeechRecognitionCore
0x0000000110e00000 	/Library/Java/JavaVirtualMachines/jdk1.8.0_111.jdk/Contents/Home/jre/lib/server/libjvm.dylib
0x000000000637d000 	/usr/lib/libstdc++.6.dylib
0x000000010f526000 	/Library/Java/JavaVirtualMachines/jdk1.8.0_111.jdk/Contents/Home/jre/lib/libverify.dylib
0x000000010f534000 	/Library/Java/JavaVirtualMachines/jdk1.8.0_111.jdk/Contents/Home/jre/lib/libjava.dylib
0x000000010f56a000 	/Library/Java/JavaVirtualMachines/jdk1.8.0_111.jdk/Contents/Home/jre/lib/libjdwp.dylib
0x000000010f5b5000 	/Library/Java/JavaVirtualMachines/jdk1.8.0_111.jdk/Contents/Home/jre/lib/libnpt.dylib
0x000000010f5b9000 	/Library/Java/JavaVirtualMachines/jdk1.8.0_111.jdk/Contents/Home/jre/lib/libinstrument.dylib
0x000000010f5e6000 	/Library/Java/JavaVirtualMachines/jdk1.8.0_111.jdk/Contents/Home/jre/lib/libzip.dylib
0x0000000149590000 	/System/Library/Frameworks/JavaVM.framework/Frameworks/JavaRuntimeSupport.framework/JavaRuntimeSupport
0x00000001495ab000 	/System/Library/Frameworks/JavaVM.framework/Versions/A/Frameworks/JavaNativeFoundation.framework/Versions/A/JavaNativeFoundation
0x000000010f5f1000 	/System/Library/Frameworks/JavaVM.framework/Versions/A/JavaVM
0x000000000637d000 	/System/Library/Frameworks/Carbon.framework/Versions/A/Carbon
0x00000001495c0000 	/System/Library/PrivateFrameworks/JavaLaunching.framework/Versions/A/JavaLaunching
0x000000000637d000 	/System/Library/Frameworks/Carbon.framework/Versions/A/Frameworks/CommonPanels.framework/Versions/A/CommonPanels
0x000000000637d000 	/System/Library/Frameworks/Carbon.framework/Versions/A/Frameworks/Help.framework/Versions/A/Help
0x000000000637d000 	/System/Library/Frameworks/Carbon.framework/Versions/A/Frameworks/ImageCapture.framework/Versions/A/ImageCapture
0x000000000637d000 	/System/Library/Frameworks/Carbon.framework/Versions/A/Frameworks/OpenScripting.framework/Versions/A/OpenScripting
0x000000000637d000 	/System/Library/Frameworks/Carbon.framework/Versions/A/Frameworks/Print.framework/Versions/A/Print
0x000000000637d000 	/System/Library/Frameworks/Carbon.framework/Versions/A/Frameworks/SecurityHI.framework/Versions/A/SecurityHI
0x000000014aee1000 	/Library/Java/JavaVirtualMachines/jdk1.8.0_111.jdk/Contents/Home/jre/lib/libdt_socket.dylib
0x000000014b24a000 	/private/var/folders/xr/cz07bg2n2tq606hdhs_rr_lh0000gn/T/jna-3267769/jna1978568654055210970.tmp
0x000000014b261000 	/Library/Java/JavaVirtualMachines/jdk1.8.0_111.jdk/Contents/Home/jre/lib/libawt.dylib
0x000000014b309000 	/Library/Java/JavaVirtualMachines/jdk1.8.0_111.jdk/Contents/Home/jre/lib/./libmlib_image.dylib
0x000000014b3d5000 	/Library/Java/JavaVirtualMachines/jdk1.8.0_111.jdk/Contents/Home/jre/lib/libawt_lwawt.dylib
0x000000014b48a000 	/Library/Java/JavaVirtualMachines/jdk1.8.0_111.jdk/Contents/Home/jre/lib/./libosxapp.dylib
0x000000000637d000 	/System/Library/Frameworks/ExceptionHandling.framework/Versions/A/ExceptionHandling
0x000000000637d000 	/System/Library/PrivateFrameworks/CoreServicesInternal.framework/Versions/A/CoreServicesInternal
0x000000000637d000 	/System/Library/Frameworks/CoreGraphics.framework/Versions/A/Resources/libRIP.A.dylib
0x000000000637d000 	/System/Library/Frameworks/Accelerate.framework/Versions/A/Frameworks/vImage.framework/Versions/A/Libraries/libCGInterfaces.dylib
0x000000000637d000 	/System/Library/Frameworks/CoreGraphics.framework/Versions/A/Resources/libCGXType.A.dylib
0x000000000637d000 	/System/Library/Frameworks/OpenCL.framework/Versions/A/Libraries/libcldcpuengine.dylib
0x000000000637d000 	/System/Library/PrivateFrameworks/DiskImages.framework/Versions/A/DiskImages
0x000000000637d000 	/System/Library/Frameworks/DiscRecording.framework/Versions/A/DiscRecording
0x000000000637d000 	/usr/lib/libcsfde.dylib
0x000000000637d000 	/usr/lib/libcurl.4.dylib
0x000000000637d000 	/System/Library/PrivateFrameworks/MediaKit.framework/Versions/A/MediaKit
0x000000000637d000 	/System/Library/PrivateFrameworks/ProtectedCloudStorage.framework/Versions/A/ProtectedCloudStorage
0x000000000637d000 	/usr/lib/libCoreStorage.dylib
0x000000000637d000 	/System/Library/PrivateFrameworks/EFILogin.framework/Versions/A/EFILogin
0x000000000637d000 	/usr/lib/libutil.dylib
0x000000000637d000 	/System/Library/PrivateFrameworks/FindMyDevice.framework/Versions/A/FindMyDevice
0x000000000637d000 	/System/Library/Frameworks/LDAP.framework/Versions/A/LDAP
0x000000000637d000 	/usr/lib/libsasl2.2.dylib
0x000000000637d000 	/System/Library/PrivateFrameworks/CoreDaemon.framework/Versions/B/CoreDaemon
0x000000000637d000 	/usr/lib/libcrypto.0.9.8.dylib
0x000000000637d000 	/System/Library/PrivateFrameworks/AppleSRP.framework/Versions/A/AppleSRP
0x000000000637d000 	/System/Library/PrivateFrameworks/TrustEvaluationAgent.framework/Versions/A/TrustEvaluationAgent
0x000000014ce39000 	cl_kernels
0x000000000637d000 	/System/Library/Frameworks/OpenCL.framework/Versions/A/Libraries/ImageFormats/unorm8_bgra.dylib
0x000000000637d000 	/System/Library/Frameworks/OpenCL.framework/Versions/A/Libraries/ImageFormats/unorm8_rgba.dylib
0x000000000637d000 	/System/Library/PrivateFrameworks/FamilyControls.framework/Versions/A/FamilyControls
0x000000000637d000 	/System/Library/PrivateFrameworks/CommerceKit.framework/Versions/A/Frameworks/CommerceCore.framework/Versions/A/CommerceCore
0x000000000637d000 	/System/Library/PrivateFrameworks/SystemAdministration.framework/Versions/A/SystemAdministration
0x000000000637d000 	/System/Library/PrivateFrameworks/AppContainer.framework/Versions/A/AppContainer
0x000000000637d000 	/System/Library/PrivateFrameworks/SecCodeWrapper.framework/Versions/A/SecCodeWrapper
0x000000000637d000 	/System/Library/Frameworks/DirectoryService.framework/Versions/A/DirectoryService
0x000000000637d000 	/System/Library/PrivateFrameworks/LoginUIKit.framework/Versions/A/Frameworks/LoginUICore.framework/Versions/A/LoginUICore
0x000000000637d000 	/usr/lib/libodfde.dylib
0x000000014b0d1000 	/Library/Java/JavaVirtualMachines/jdk1.8.0_111.jdk/Contents/Home/jre/lib/libnio.dylib
0x000000014b0e1000 	/Library/Java/JavaVirtualMachines/jdk1.8.0_111.jdk/Contents/Home/jre/lib/./libnet.dylib
0x000000014e2fe000 	/Library/Java/JavaVirtualMachines/jdk1.8.0_111.jdk/Contents/Home/jre/lib/libfontmanager.dylib
0x000000000637d000 	/System/Library/Frameworks/OpenGL.framework/Versions/A/Resources/GLEngine.bundle/GLEngine
0x000000000637d000 	/System/Library/Frameworks/OpenGL.framework/Versions/A/Libraries/libGLProgrammability.dylib
0x000000000637d000 	/System/Library/Extensions/GeForceGLDriver.bundle/Contents/MacOS/GeForceGLDriver
0x000000000637d000 	/System/Library/Extensions/GeForceGLDriver.bundle/Contents/MacOS/libclh.dylib
0x000000000637d000 	/System/Library/PrivateFrameworks/GPUSupport.framework/Versions/A/Libraries/libGPUSupportMercury.dylib
0x000000000637d000 	/System/Library/Frameworks/OpenGL.framework/Versions/A/Resources/GLRendererFloat.bundle/GLRendererFloat
0x000000014f3bd000 	/private/var/folders/xr/cz07bg2n2tq606hdhs_rr_lh0000gn/T/BridJExtractedLibraries3007290519612906953/libbridj.dylib
0x000000014f1b3000 	/var/folders/xr/cz07bg2n2tq606hdhs_rr_lh0000gn/T/BridJExtractedLibraries3007290519612906953/libmac-utils.dylib
0x000000000637d000 	/System/Library/CoreServices/RawCamera.bundle/Contents/MacOS/RawCamera

VM Arguments:
jvm_args: -agentlib:jdwp=transport=dt_socket,address=127.0.0.1:58352,suspend=y,server=n -javaagent:/Users/joey/Library/Caches/IntelliJIdea2016.1/groovyHotSwap/gragent.jar -Dfile.encoding=UTF-8 
java_command: pw.tmg.client.TmgClient
java_class_path (initial): /Library/Java/JavaVirtualMachines/jdk1.8.0_111.jdk/Contents/Home/jre/lib/charsets.jar:/Library/Java/JavaVirtualMachines/jdk1.8.0_111.jdk/Contents/Home/jre/lib/deploy.jar:/Library/Java/JavaVirtualMachines/jdk1.8.0_111.jdk/Contents/Home/jre/lib/ext/cldrdata.jar:/Library/Java/JavaVirtualMachines/jdk1.8.0_111.jdk/Contents/Home/jre/lib/ext/dnsns.jar:/Library/Java/JavaVirtualMachines/jdk1.8.0_111.jdk/Contents/Home/jre/lib/ext/jaccess.jar:/Library/Java/JavaVirtualMachines/jdk1.8.0_111.jdk/Contents/Home/jre/lib/ext/jfxrt.jar:/Library/Java/JavaVirtualMachines/jdk1.8.0_111.jdk/Contents/Home/jre/lib/ext/localedata.jar:/Library/Java/JavaVirtualMachines/jdk1.8.0_111.jdk/Contents/Home/jre/lib/ext/nashorn.jar:/Library/Java/JavaVirtualMachines/jdk1.8.0_111.jdk/Contents/Home/jre/lib/ext/sunec.jar:/Library/Java/JavaVirtualMachines/jdk1.8.0_111.jdk/Contents/Home/jre/lib/ext/sunjce_provider.jar:/Library/Java/JavaVirtualMachines/jdk1.8.0_111.jdk/Contents/Home/jre/lib/ext/sunpkcs11.jar:/Library/Java/JavaVirtualMachines/jdk1.8.0_111.jdk/Contents/Home/jre/lib/ext/zipfs.jar:/Library/Java/JavaVirtualMachines/jdk1.8.0_111.jdk/Contents/Home/jre/lib/javaws.jar:/Library/Java/JavaVirtualMachines/jdk1.8.0_111.jdk/Contents/Home/jre/lib/jce.jar:/Library/Java/JavaVirtualMachines/jdk1.8.0_111.jdk/Contents/Home/jre/lib/jfr.jar:/Library/Java/JavaVirtualMachines/jdk1.8.0_111.jdk/Contents/Home/jre/lib/jfxswt.jar:/Library/Java/JavaVirtualMachines/jdk1.8.0_111.jdk/Contents/Home/jre/lib/jsse.jar:/Library/Java/JavaVirtualMachines/jdk1.8.0_111.jdk/Contents/Home/jre/lib/management-agent.jar:/Library/Java/JavaVirtualMachines/jdk1.8.0_111.jdk/Contents/Home/jre/lib/plugin.jar:/Library/Java/JavaVirtualMachines/jdk1.8.0_111.jdk/Contents/Home/jre/lib/resources.jar:/Library/Java/JavaVirtualMachines/jdk1.8.0_111.jdk/Contents/Home/jre/lib/rt.jar:/Library/Java/JavaVirtualMachines/jdk1.8.0_111.jdk/Contents/Home/lib/ant-javafx.jar:/Library/Java/JavaVirtualMachines/jdk1.8.0_111.jdk/Contents/Home
Launcher Type: SUN_STANDARD

Environment Variables:
PATH=/Users/joey/.nvm/versions/node/v6.7.0/bin:/Library/Frameworks/Python.framework/Versions/3.5/bin:/usr/local/bin:/usr/bin:/bin:/usr/sbin:/sbin:/usr/local/go/bin:/Library/Frameworks/Mono.framework/Versions/Current/Commands:/Users/joey/go/bin
SHELL=/bin/bash

Signal Handlers:
SIGSEGV: [libjvm.dylib+0x5b03ed], sa_mask[0]=11111111011111110111111111111111, sa_flags=SA_ONSTACK|SA_RESTART|SA_SIGINFO
SIGBUS: [libjvm.dylib+0x5b03ed], sa_mask[0]=11111111011111110111111111111111, sa_flags=SA_RESTART|SA_SIGINFO
SIGFPE: [libjvm.dylib+0x48711c], sa_mask[0]=11111111011111110111111111111111, sa_flags=SA_RESTART|SA_SIGINFO
SIGPIPE: [libjvm.dylib+0x48711c], sa_mask[0]=11111111011111110111111111111111, sa_flags=SA_RESTART|SA_SIGINFO
SIGXFSZ: [libjvm.dylib+0x48711c], sa_mask[0]=11111111011111110111111111111111, sa_flags=SA_RESTART|SA_SIGINFO
SIGILL: [libjvm.dylib+0x48711c], sa_mask[0]=11111111011111110111111111111111, sa_flags=SA_RESTART|SA_SIGINFO
SIGUSR1: SIG_DFL, sa_mask[0]=00000000000000000000000000000000, sa_flags=none
SIGUSR2: [libjvm.dylib+0x486c3a], sa_mask[0]=00100000000000000000000000000000, sa_flags=SA_RESTART|SA_SIGINFO
SIGHUP: [libjvm.dylib+0x485211], sa_mask[0]=11111111011111110111111111111111, sa_flags=SA_RESTART|SA_SIGINFO
SIGINT: [libjvm.dylib+0x485211], sa_mask[0]=11111111011111110111111111111111, sa_flags=SA_RESTART|SA_SIGINFO
SIGTERM: [libjvm.dylib+0x485211], sa_mask[0]=11111111011111110111111111111111, sa_flags=SA_RESTART|SA_SIGINFO
SIGQUIT: [libjvm.dylib+0x485211], sa_mask[0]=11111111011111110111111111111111, sa_flags=SA_RESTART|SA_SIGINFO


---------------  S Y S T E M  ---------------

OS:Bsduname:Darwin 15.6.0 Darwin Kernel Version 15.6.0: Thu Jun 23 18:25:34 PDT 2016; root:xnu-3248.60.10~1/RELEASE_X86_64 x86_64
rlimit: STACK 8192k, CORE 0k, NPROC 709, NOFILE 10240, AS infinity
load average:3.99 3.65 3.29

CPU:total 12 (6 cores per cpu, 2 threads per core) family 6 model 45 stepping 7, cmov, cx8, fxsr, mmx, sse, sse2, sse3, ssse3, sse4.1, sse4.2, popcnt, avx, aes, clmul, ht, tsc, tscinvbit, tscinv

Memory: 4k page, physical 67108864k(315692k free)

/proc/meminfo:


vm_info: Java HotSpot(TM) 64-Bit Server VM (25.111-b14) for bsd-amd64 JRE (1.8.0_111-b14), built on Sep 22 2016 15:31:41 by "java_re" with gcc 4.2.1 (Based on Apple Inc. build 5658) (LLVM build 2336.11.00)

time: Fri Dec 16 03:50:39 2016
elapsed time: 20 seconds (0d 0h 0m 20s)

