#
# A fatal error has been detected by the Java Runtime Environment:
#
#  SIGSEGV (0xb) at pc=0x000000014aeeab7c, pid=10053, tid=0x000000000000f21f
#
# JRE version: Java(TM) SE Runtime Environment (8.0_111-b14) (build 1.8.0_111-b14)
# Java VM: Java HotSpot(TM) 64-Bit Server VM (25.111-b14 mixed mode bsd-amd64 compressed oops)
# Problematic frame:
# C  [libbridj.dylib+0x7b7c]  Java_org_bridj_JNI_get_1long+0x7c
#
# Failed to write core dump. Core dumps have been disabled. To enable core dumping, try "ulimit -c unlimited" before starting Java again
#
# If you would like to submit a bug report, please visit:
#   http://bugreport.java.com/bugreport/crash.jsp
# The crash happened outside the Java Virtual Machine in native code.
# See problematic frame for where to report the bug.
#

---------------  T H R E A D  ---------------

Current thread (0x00007ffcb28c9800):  JavaThread "pool-1-thread-1" [_thread_in_native, id=61983, stack(0x0000700002392000,0x0000700002492000)]

siginfo: si_signo: 11 (SIGSEGV), si_code: 1 (SEGV_MAPERR), si_addr: 0x00007ffcb8400000

Registers:
RAX=0x000000067afda3d0, RBX=0x00007ffcb8400000, RCX=0x000000067afda388, RDX=0x00007ffcb8400000
RSP=0x00007000024912e0, RBP=0x0000700002491300, RSI=0x0000700002491340, RDI=0x00007ffcb28c99f8
R8 =0xffffffffffffffff, R9 =0x00000000f8030334, R10=0x000000010e0d2001, R11=0x00000000cf5fb47a
R12=0x00007ffcb28c99f8, R13=0x000000066f33d1f0, R14=0x0000700002491340, R15=0x00007ffcb28c9800
RIP=0x000000014aeeab7c, EFLAGS=0x0000000000010246, ERR=0x0000000000000004
  TRAPNO=0x000000000000000e

Top of Stack: (sp=0x00007000024912e0)
0x00007000024912e0:   00007ffcb8400000 0000000000000000
0x00007000024912f0:   0000700002491340 00007ffcb28c9800
0x0000700002491300:   0000700002491350 000000010e0d2071
0x0000700002491310:   00007ffcb28c9800 00007ffcb28c9800
0x0000700002491320:   00007ffcb28c9800 00007ffcb83a1048
0x0000700002491330:   0000700002491340 00007ffcb28c9800
0x0000700002491340:   00000003c0000108 000000010de0e345
0x0000700002491350:   000000067afda3d0 000000010e0f7b68
0x0000700002491360:   000000068abc9a78 000000068abc9aa8
0x0000700002491370:   000000068abc9af8 0000000000000008
0x0000700002491380:   000000068ab17260 0000000000000000
0x0000700002491390:   000000068ab10f40 000000068ab18000
0x00007000024913a0:   00000007c017ed88 00000007c01819a0
0x00007000024913b0:   00000007c001bd10 00000007c0001ef8
0x00007000024913c0:   000000068ab10f50 000000068ab10000
0x00007000024913d0:   00007ffcd1560000 000000067afda3d0
0x00007000024913e0:   00007ffcb8400000 00000006001856d4
0x00007000024913f0:   000000068ab3d640 0000000000000000
0x0000700002491400:   0000000000000000 00000000d157934f
0x0000700002491410:   000000067afda0d8 000000068abc9a78
0x0000700002491420:   000000068ab00038 d15793554bebf9b9
0x0000700002491430:   d157935f00000010 00007ffcb28c9800
0x0000700002491440:   0000700002491498 000000010ddcc9c7
0x0000700002491450:   000000010ddcc985 0000700002491458
0x0000700002491460:   000000010e0f75d0 00007000024914c8
0x0000700002491470:   000000014ad03aa0 000000068ab10f50
0x0000700002491480:   000000068ab10f58 0000000000000001
0x0000700002491490:   0000000000000007 0000700002491518
0x00007000024914a0:   0000000000000019 000000067270d260
0x00007000024914b0:   0000700002491518 000000010dda933d
0x00007000024914c0:   000000066f33d1f0 000000066ed9e990
0x00007000024914d0:   000000068ab10f40 00007000024914d8 

Instructions: (pc=0x000000014aeeab7c)
0x000000014aeeab5c:   85 c0 74 21 41 8b 96 44 01 00 00 49 8b 8e 48 01
0x000000014aeeab6c:   00 00 4c 89 e7 89 c6 e8 28 a0 ff ff 31 db eb 08
0x000000014aeeab7c:   48 8b 1b eb 16 48 8b 1b 4c 89 ff e8 d4 a1 ff ff
0x000000014aeeab8c:   4c 89 e7 4c 89 f6 e8 39 34 00 00 48 89 d8 5b 41 

Register to memory mapping:

RAX=0x000000067afda3d0 is an oop
org.bridj.Pointer$OrderedPointer 
 - klass: 'org/bridj/Pointer$OrderedPointer'
RBX=0x00007ffcb8400000 is an unknown value
RCX=0x000000067afda388 is an oop
org.bridj.Pointer$OrderedPointer 
 - klass: 'org/bridj/Pointer$OrderedPointer'
RDX=0x00007ffcb8400000 is an unknown value
RSP=0x00007000024912e0 is pointing into the stack for thread: 0x00007ffcb28c9800
RBP=0x0000700002491300 is pointing into the stack for thread: 0x00007ffcb28c9800
RSI=0x0000700002491340 is pointing into the stack for thread: 0x00007ffcb28c9800
RDI=0x00007ffcb28c99f8 is an unknown value
R8 =0xffffffffffffffff is an unknown value
R9 =0x00000000f8030334 is an unknown value
R10=0x000000010e0d2001 is at entry_point+65 in (nmethod*)0x000000010e0d1e50
R11=0x00000000cf5fb47a is an unknown value
R12=0x00007ffcb28c99f8 is an unknown value
R13=0x000000066f33d1f0 is an oop
pw.tmg.client.module.mac.PasteboardContent 
 - klass: 'pw/tmg/client/module/mac/PasteboardContent'
R14=0x0000700002491340 is pointing into the stack for thread: 0x00007ffcb28c9800
R15=0x00007ffcb28c9800 is a thread


Stack: [0x0000700002392000,0x0000700002492000],  sp=0x00007000024912e0,  free space=1020k
Native frames: (J=compiled Java code, j=interpreted, Vv=VM code, C=native code)
C  [libbridj.dylib+0x7b7c]  Java_org_bridj_JNI_get_1long+0x7c
J 853  org.bridj.JNI.get_long(J)J (0 bytes) @ 0x000000010e0d2071 [0x000000010e0d1fc0+0xb1]
J 882% C2 pw.tmg.client.module.mac.MacClipboardContent.<init>(Lorg/bridj/Pointer;)V (94 bytes) @ 0x000000010e0f7b68 [0x000000010e0f78e0+0x288]
j  pw.tmg.client.module.mac.MacPlatform.getAllClipboardContent()Lpw/tmg/client/model/ClipboardContent;+7
j  pw.tmg.client.actions.UploadClipboard.call()Lrx/Single;+7
j  pw.tmg.client.actions.UploadClipboard.call()Ljava/lang/Object;+1
j  pw.tmg.client.actions.ActionManager.performAction(Lpw/tmg/client/model/TmgAction;)V+9
j  pw.tmg.client.actions.ActionManager$1.lambda$perform$1(Lpw/tmg/client/model/TmgAction;)V+5
j  pw.tmg.client.actions.ActionManager$1$$Lambda$4.call()V+8
j  pw.tmg.client.module.mac.MacPlatform.lambda$null$0(Lrx/functions/Action0;Lcom/tulskiy/keymaster/common/HotKey;)V+1
j  pw.tmg.client.module.mac.MacPlatform$$Lambda$8.onHotKey(Lcom/tulskiy/keymaster/common/HotKey;)V+5
j  com.tulskiy.keymaster.common.Provider$HotKeyEvent.run()V+11
j  java.util.concurrent.ThreadPoolExecutor.runWorker(Ljava/util/concurrent/ThreadPoolExecutor$Worker;)V+95
j  java.util.concurrent.ThreadPoolExecutor$Worker.run()V+5
j  java.lang.Thread.run()V+11
v  ~StubRoutines::call_stub
V  [libjvm.dylib+0x2ecf8a]  JavaCalls::call_helper(JavaValue*, methodHandle*, JavaCallArguments*, Thread*)+0x6ae
V  [libjvm.dylib+0x2ed718]  JavaCalls::call_virtual(JavaValue*, KlassHandle, Symbol*, Symbol*, JavaCallArguments*, Thread*)+0x164
V  [libjvm.dylib+0x2ed8c4]  JavaCalls::call_virtual(JavaValue*, Handle, KlassHandle, Symbol*, Symbol*, Thread*)+0x4a
V  [libjvm.dylib+0x348039]  thread_entry(JavaThread*, Thread*)+0x7c
V  [libjvm.dylib+0x56a27b]  JavaThread::thread_main_inner()+0x9b
V  [libjvm.dylib+0x56b968]  JavaThread::run()+0x1c2
V  [libjvm.dylib+0x489b0a]  java_start(Thread*)+0xf6
C  [libsystem_pthread.dylib+0x399d]  _pthread_body+0x83
C  [libsystem_pthread.dylib+0x391a]  _pthread_body+0x0
C  [libsystem_pthread.dylib+0x1351]  thread_start+0xd
C  0x0000000000000000

Java frames: (J=compiled Java code, j=interpreted, Vv=VM code)
J 853  org.bridj.JNI.get_long(J)J (0 bytes) @ 0x000000010e0d2001 [0x000000010e0d1fc0+0x41]
J 882% C2 pw.tmg.client.module.mac.MacClipboardContent.<init>(Lorg/bridj/Pointer;)V (94 bytes) @ 0x000000010e0f7b68 [0x000000010e0f78e0+0x288]
j  pw.tmg.client.module.mac.MacPlatform.getAllClipboardContent()Lpw/tmg/client/model/ClipboardContent;+7
j  pw.tmg.client.actions.UploadClipboard.call()Lrx/Single;+7
j  pw.tmg.client.actions.UploadClipboard.call()Ljava/lang/Object;+1
j  pw.tmg.client.actions.ActionManager.performAction(Lpw/tmg/client/model/TmgAction;)V+9
j  pw.tmg.client.actions.ActionManager$1.lambda$perform$1(Lpw/tmg/client/model/TmgAction;)V+5
j  pw.tmg.client.actions.ActionManager$1$$Lambda$4.call()V+8
j  pw.tmg.client.module.mac.MacPlatform.lambda$null$0(Lrx/functions/Action0;Lcom/tulskiy/keymaster/common/HotKey;)V+1
j  pw.tmg.client.module.mac.MacPlatform$$Lambda$8.onHotKey(Lcom/tulskiy/keymaster/common/HotKey;)V+5
j  com.tulskiy.keymaster.common.Provider$HotKeyEvent.run()V+11
j  java.util.concurrent.ThreadPoolExecutor.runWorker(Ljava/util/concurrent/ThreadPoolExecutor$Worker;)V+95
j  java.util.concurrent.ThreadPoolExecutor$Worker.run()V+5
j  java.lang.Thread.run()V+11
v  ~StubRoutines::call_stub

---------------  P R O C E S S  ---------------

Java Threads: ( => current thread )
=>0x00007ffcb28c9800 JavaThread "pool-1-thread-1" [_thread_in_native, id=61983, stack(0x0000700002392000,0x0000700002492000)]
  0x00007ffcb19da800 JavaThread "DestroyJavaVM" [_thread_blocked, id=5891, stack(0x000070000011a000,0x000070000021a000)]
  0x00007ffcb28f3800 JavaThread "Java2D Queue Flusher" daemon [_thread_blocked, id=58375, stack(0x000070000228f000,0x000070000238f000)]
  0x00007ffcb70cf800 JavaThread "Java2D Disposer" daemon [_thread_blocked, id=51259, stack(0x000070000218c000,0x000070000228c000)]
  0x00007ffcb4933000 JavaThread "AWT-Shutdown" [_thread_blocked, id=34579, stack(0x0000700001bee000,0x0000700001cee000)]
  0x00007ffcb7800800 JavaThread "AppKit Thread" daemon [_thread_in_native, id=2571, stack(0x00007fff54220000,0x00007fff54a20000)]
  0x00007ffcb3092800 JavaThread "Thread-1" [_thread_blocked, id=24835, stack(0x0000700001a68000,0x0000700001b68000)]
  0x00007ffcb28b1000 JavaThread "Service Thread" daemon [_thread_blocked, id=23811, stack(0x0000700001862000,0x0000700001962000)]
  0x00007ffcb481d000 JavaThread "C1 CompilerThread3" daemon [_thread_blocked, id=23299, stack(0x000070000175f000,0x000070000185f000)]
  0x00007ffcb500b000 JavaThread "C2 CompilerThread2" daemon [_thread_blocked, id=22787, stack(0x000070000165c000,0x000070000175c000)]
  0x00007ffcb381c800 JavaThread "C2 CompilerThread1" daemon [_thread_blocked, id=22275, stack(0x0000700001559000,0x0000700001659000)]
  0x00007ffcb6006000 JavaThread "C2 CompilerThread0" daemon [_thread_blocked, id=21763, stack(0x0000700001456000,0x0000700001556000)]
  0x00007ffcb4824800 JavaThread "JDWP Command Reader" daemon [_thread_in_native, id=21251, stack(0x0000700001353000,0x0000700001453000)]
  0x00007ffcb7002000 JavaThread "JDWP Event Helper Thread" daemon [_thread_blocked, id=20739, stack(0x0000700001250000,0x0000700001350000)]
  0x00007ffcb7001000 JavaThread "JDWP Transport Listener: dt_socket" daemon [_thread_blocked, id=20227, stack(0x000070000114d000,0x000070000124d000)]
  0x00007ffcb3805800 JavaThread "Signal Dispatcher" daemon [_thread_blocked, id=15887, stack(0x000070000104a000,0x000070000114a000)]
  0x00007ffcb3003000 JavaThread "Finalizer" daemon [_thread_blocked, id=15363, stack(0x0000700000e41000,0x0000700000f41000)]
  0x00007ffcb481b800 JavaThread "Reference Handler" daemon [_thread_blocked, id=14851, stack(0x0000700000d3e000,0x0000700000e3e000)]

Other Threads:
  0x00007ffcb281e800 VMThread [stack: 0x0000700000c3b000,0x0000700000d3b000] [id=14339]
  0x00007ffcb3838000 WatcherThread [stack: 0x0000700001965000,0x0000700001a65000] [id=24323]

VM state:not at safepoint (normal execution)

VM Mutex/Monitor currently owned by a thread: None

Heap:
 PSYoungGen      total 567808K, used 316965K [0x000000066ab00000, 0x00000006b0000000, 0x00000007c0000000)
  eden space 524288K, 52% used [0x000000066ab00000,0x000000067b60cdc8,0x000000068ab00000)
  from space 43520K, 99% used [0x000000068ab00000,0x000000068d57c808,0x000000068d580000)
  to   space 43520K, 0% used [0x00000006ad580000,0x00000006ad580000,0x00000006b0000000)
 ParOldGen       total 699392K, used 198725K [0x00000003c0000000, 0x00000003eab00000, 0x000000066ab00000)
  object space 699392K, 28% used [0x00000003c0000000,0x00000003cc2115b8,0x00000003eab00000)
 Metaspace       used 12630K, capacity 12832K, committed 12928K, reserved 1060864K
  class space    used 1539K, capacity 1613K, committed 1664K, reserved 1048576K

Card table byte_map: [0x000000011d161000,0x000000011f162000] byte_map_base: 0x000000011b361000

Marking Bits: (ParMarkBitMap*) 0x000000010d6efd20
 Begin Bits: [0x00000001206b8000, 0x00000001306b8000)
 End Bits:   [0x00000001306b8000, 0x00000001406b8000)

Polling page: 0x000000010b4a3000

CodeCache: size=245760Kb used=3432Kb max_used=3432Kb free=242327Kb
 bounds [0x000000010dda1000, 0x000000010e101000, 0x000000011cda1000]
 total_blobs=1366 nmethods=901 adapters=387
 compilation: enabled

Compilation events (10 events):
Event: 2.750 Thread 0x00007ffcb481d000  897       3       java.lang.System$2::invokeFinalize (5 bytes)
Event: 2.750 Thread 0x00007ffcb481d000 nmethod 897 0x000000010e0f1f10 code [0x000000010e0f2080, 0x000000010e0f22a8]
Event: 2.751 Thread 0x00007ffcb481d000  899       3       java.util.zip.ZipFile$ZipFileInflaterInputStream::finalize (5 bytes)
Event: 2.751 Thread 0x00007ffcb481d000 nmethod 899 0x000000010e0f1b90 code [0x000000010e0f1d00, 0x000000010e0f1e88]
Event: 2.751 Thread 0x00007ffcb481d000  898       3       java.util.zip.ZipFile$ZipFileInputStream::finalize (5 bytes)
Event: 2.751 Thread 0x00007ffcb481d000 nmethod 898 0x000000010e0f1810 code [0x000000010e0f1980, 0x000000010e0f1b08]
Event: 3.317 Thread 0x00007ffcb481d000  901       3       java.util.concurrent.locks.ReentrantLock::tryLock (9 bytes)
Event: 3.318 Thread 0x00007ffcb481d000 nmethod 901 0x000000010e0f13d0 code [0x000000010e0f1540, 0x000000010e0f1768]
Event: 3.318 Thread 0x00007ffcb481d000  902       3       java.util.concurrent.locks.ReentrantLock$Sync::nonfairTryAcquire (67 bytes)
Event: 3.318 Thread 0x00007ffcb481d000 nmethod 902 0x000000010e0fca10 code [0x000000010e0fcbc0, 0x000000010e0fd328]

GC Heap History (6 events):
Event: 2.714 GC heap before
{Heap before GC invocations=1 (full 0):
 PSYoungGen      total 305664K, used 262144K [0x000000066ab00000, 0x0000000680000000, 0x00000007c0000000)
  eden space 262144K, 100% used [0x000000066ab00000,0x000000067ab00000,0x000000067ab00000)
  from space 43520K, 0% used [0x000000067d580000,0x000000067d580000,0x0000000680000000)
  to   space 43520K, 0% used [0x000000067ab00000,0x000000067ab00000,0x000000067d580000)
 ParOldGen       total 699392K, used 0K [0x00000003c0000000, 0x00000003eab00000, 0x000000066ab00000)
  object space 699392K, 0% used [0x00000003c0000000,0x00000003c0000000,0x00000003eab00000)
 Metaspace       used 12620K, capacity 12832K, committed 12928K, reserved 1060864K
  class space    used 1539K, capacity 1613K, committed 1664K, reserved 1048576K
Event: 2.746 GC heap after
Heap after GC invocations=1 (full 0):
 PSYoungGen      total 305664K, used 43502K [0x000000066ab00000, 0x0000000690000000, 0x00000007c0000000)
  eden space 262144K, 0% used [0x000000066ab00000,0x000000066ab00000,0x000000067ab00000)
  from space 43520K, 99% used [0x000000067ab00000,0x000000067d57bb68,0x000000067d580000)
  to   space 43520K, 0% used [0x000000068d580000,0x000000068d580000,0x0000000690000000)
 ParOldGen       total 699392K, used 13685K [0x00000003c0000000, 0x00000003eab00000, 0x000000066ab00000)
  object space 699392K, 1% used [0x00000003c0000000,0x00000003c0d5d5b8,0x00000003eab00000)
 Metaspace       used 12620K, capacity 12832K, committed 12928K, reserved 1060864K
  class space    used 1539K, capacity 1613K, committed 1664K, reserved 1048576K
}
Event: 2.919 GC heap before
{Heap before GC invocations=2 (full 0):
 PSYoungGen      total 305664K, used 305646K [0x000000066ab00000, 0x0000000690000000, 0x00000007c0000000)
  eden space 262144K, 100% used [0x000000066ab00000,0x000000067ab00000,0x000000067ab00000)
  from space 43520K, 99% used [0x000000067ab00000,0x000000067d57bb68,0x000000067d580000)
  to   space 43520K, 0% used [0x000000068d580000,0x000000068d580000,0x0000000690000000)
 ParOldGen       total 699392K, used 13685K [0x00000003c0000000, 0x00000003eab00000, 0x000000066ab00000)
  object space 699392K, 1% used [0x00000003c0000000,0x00000003c0d5d5b8,0x00000003eab00000)
 Metaspace       used 12628K, capacity 12832K, committed 12928K, reserved 1060864K
  class space    used 1539K, capacity 1613K, committed 1664K, reserved 1048576K
Event: 2.992 GC heap after
Heap after GC invocations=2 (full 0):
 PSYoungGen      total 567808K, used 43501K [0x000000066ab00000, 0x0000000690000000, 0x00000007c0000000)
  eden space 524288K, 0% used [0x000000066ab00000,0x000000066ab00000,0x000000068ab00000)
  from space 43520K, 99% used [0x000000068d580000,0x000000068fffb578,0x0000000690000000)
  to   space 43520K, 0% used [0x000000068ab00000,0x000000068ab00000,0x000000068d580000)
 ParOldGen       total 699392K, used 94717K [0x00000003c0000000, 0x00000003eab00000, 0x000000066ab00000)
  object space 699392K, 13% used [0x00000003c0000000,0x00000003c5c7f5b8,0x00000003eab00000)
 Metaspace       used 12628K, capacity 12832K, committed 12928K, reserved 1060864K
  class space    used 1539K, capacity 1613K, committed 1664K, reserved 1048576K
}
Event: 3.430 GC heap before
{Heap before GC invocations=3 (full 0):
 PSYoungGen      total 567808K, used 567789K [0x000000066ab00000, 0x0000000690000000, 0x00000007c0000000)
  eden space 524288K, 100% used [0x000000066ab00000,0x000000068ab00000,0x000000068ab00000)
  from space 43520K, 99% used [0x000000068d580000,0x000000068fffb578,0x0000000690000000)
  to   space 43520K, 0% used [0x000000068ab00000,0x000000068ab00000,0x000000068d580000)
 ParOldGen       total 699392K, used 94717K [0x00000003c0000000, 0x00000003eab00000, 0x000000066ab00000)
  object space 699392K, 13% used [0x00000003c0000000,0x00000003c5c7f5b8,0x00000003eab00000)
 Metaspace       used 12630K, capacity 12832K, committed 12928K, reserved 1060864K
  class space    used 1539K, capacity 1613K, committed 1664K, reserved 1048576K
Event: 3.521 GC heap after
Heap after GC invocations=3 (full 0):
 PSYoungGen      total 567808K, used 43506K [0x000000066ab00000, 0x00000006b0000000, 0x00000007c0000000)
  eden space 524288K, 0% used [0x000000066ab00000,0x000000066ab00000,0x000000068ab00000)
  from space 43520K, 99% used [0x000000068ab00000,0x000000068d57c808,0x000000068d580000)
  to   space 43520K, 0% used [0x00000006ad580000,0x00000006ad580000,0x00000006b0000000)
 ParOldGen       total 699392K, used 198725K [0x00000003c0000000, 0x00000003eab00000, 0x000000066ab00000)
  object space 699392K, 28% used [0x00000003c0000000,0x00000003cc2115b8,0x00000003eab00000)
 Metaspace       used 12630K, capacity 12832K, committed 12928K, reserved 1060864K
  class space    used 1539K, capacity 1613K, committed 1664K, reserved 1048576K
}

Deoptimization events (10 events):
Event: 0.542 Thread 0x00007ffcb4801800 Uncommon trap: reason=unstable_if action=reinterpret pc=0x000000010df928f0 method=java.lang.String.substring(II)Ljava/lang/String; @ 49
Event: 0.544 Thread 0x00007ffcb4801800 Uncommon trap: reason=unstable_if action=reinterpret pc=0x000000010df28898 method=sun.misc.URLClassPath.getLoader(I)Lsun/misc/URLClassPath$Loader; @ 36
Event: 0.544 Thread 0x00007ffcb4801800 Uncommon trap: reason=unstable_if action=reinterpret pc=0x000000010df2ced4 method=sun.misc.URLClassPath.getLoader(I)Lsun/misc/URLClassPath$Loader; @ 36
Event: 0.547 Thread 0x00007ffcb4801800 Uncommon trap: reason=unstable_if action=reinterpret pc=0x000000010def9df8 method=java.lang.String.indexOf([CII[CIII)I @ 134
Event: 0.554 Thread 0x00007ffcb4801800 Uncommon trap: reason=unstable_if action=reinterpret pc=0x000000010dfc4960 method=java.lang.String.lastIndexOf([CII[CIII)I @ 66
Event: 0.563 Thread 0x00007ffcb3092800 Uncommon trap: reason=unstable_if action=reinterpret pc=0x000000010df44684 method=sun.misc.MetaIndex.mayContain(Ljava/lang/String;)Z @ 13
Event: 2.359 Thread 0x00007ffcb28c9800 Uncommon trap: reason=unstable_if action=reinterpret pc=0x000000010e0a4efc method=java.net.URI.match(CJJ)Z @ 19
Event: 2.363 Thread 0x00007ffcb28c9800 Uncommon trap: reason=unstable_if action=reinterpret pc=0x000000010dfdb700 method=java.lang.String.startsWith(Ljava/lang/String;I)Z @ 25
Event: 2.364 Thread 0x00007ffcb28c9800 Uncommon trap: reason=class_check action=maybe_recompile pc=0x000000010e082388 method=sun.misc.URLClassPath.getLoader(I)Lsun/misc/URLClassPath$Loader; @ 94
Event: 2.364 Thread 0x00007ffcb28c9800 Uncommon trap: reason=class_check action=maybe_recompile pc=0x000000010e082388 method=sun.misc.URLClassPath.getLoader(I)Lsun/misc/URLClassPath$Loader; @ 94

Internal exceptions (10 events):
Event: 0.794 Thread 0x00007ffcb4801800 Exception <a 'java/io/FileNotFoundException'> (0x000000066d1977e8) thrown at [/Users/java_re/workspace/8-2-build-macosx-x86_64/jdk8u111/7883/hotspot/src/share/vm/prims/jni.cpp, line 709]
Event: 2.365 Thread 0x00007ffcb28c9800 Exception <a 'java/security/PrivilegedActionException'> (0x000000066ee8b620) thrown at [/Users/java_re/workspace/8-2-build-macosx-x86_64/jdk8u111/7883/hotspot/src/share/vm/prims/jvm.cpp, line 1386]
Event: 2.365 Thread 0x00007ffcb28c9800 Exception <a 'java/security/PrivilegedActionException'> (0x000000066ee8b830) thrown at [/Users/java_re/workspace/8-2-build-macosx-x86_64/jdk8u111/7883/hotspot/src/share/vm/prims/jvm.cpp, line 1386]
Event: 2.365 Thread 0x00007ffcb28c9800 Exception <a 'java/security/PrivilegedActionException'> (0x000000066ee8cca0) thrown at [/Users/java_re/workspace/8-2-build-macosx-x86_64/jdk8u111/7883/hotspot/src/share/vm/prims/jvm.cpp, line 1386]
Event: 2.365 Thread 0x00007ffcb28c9800 Exception <a 'java/security/PrivilegedActionException'> (0x000000066ee8ceb0) thrown at [/Users/java_re/workspace/8-2-build-macosx-x86_64/jdk8u111/7883/hotspot/src/share/vm/prims/jvm.cpp, line 1386]
Event: 2.367 Thread 0x00007ffcb28c9800 Exception <a 'java/security/PrivilegedActionException'> (0x000000066eeaa6a8) thrown at [/Users/java_re/workspace/8-2-build-macosx-x86_64/jdk8u111/7883/hotspot/src/share/vm/prims/jvm.cpp, line 1386]
Event: 2.367 Thread 0x00007ffcb28c9800 Exception <a 'java/security/PrivilegedActionException'> (0x000000066eeaa8b8) thrown at [/Users/java_re/workspace/8-2-build-macosx-x86_64/jdk8u111/7883/hotspot/src/share/vm/prims/jvm.cpp, line 1386]
Event: 2.367 Thread 0x00007ffcb28c9800 Exception <a 'java/security/PrivilegedActionException'> (0x000000066eeabf78) thrown at [/Users/java_re/workspace/8-2-build-macosx-x86_64/jdk8u111/7883/hotspot/src/share/vm/prims/jvm.cpp, line 1386]
Event: 2.367 Thread 0x00007ffcb28c9800 Exception <a 'java/security/PrivilegedActionException'> (0x000000066eeac188) thrown at [/Users/java_re/workspace/8-2-build-macosx-x86_64/jdk8u111/7883/hotspot/src/share/vm/prims/jvm.cpp, line 1386]
Event: 2.459 Thread 0x00007ffcb28c9800 Exception <a 'java/lang/NoSuchMethodError': apply> (0x000000066f33c098) thrown at [/Users/java_re/workspace/8-2-build-macosx-x86_64/jdk8u111/7883/hotspot/src/share/vm/prims/jni.cpp, line 1613]

Events (10 events):
Event: 2.477 Thread 0x00007ffcb28c9800 DEOPT PACKING pc=0x000000010df2e0f4 sp=0x000070000248feb0
Event: 2.477 Thread 0x00007ffcb28c9800 DEOPT UNPACKING pc=0x000000010dde8633 sp=0x000070000248fcf0 mode 1
Event: 2.565 Thread 0x00007ffcb28c9800 DEOPT PACKING pc=0x000000010e0eb06c sp=0x00007000024913b0
Event: 2.565 Thread 0x00007ffcb28c9800 DEOPT UNPACKING pc=0x000000010dde8633 sp=0x00007000024911b8 mode 0
Event: 2.713 Executing VM operation: ParallelGCFailedAllocation
Event: 2.746 Executing VM operation: ParallelGCFailedAllocation done
Event: 2.919 Executing VM operation: ParallelGCFailedAllocation
Event: 2.992 Executing VM operation: ParallelGCFailedAllocation done
Event: 3.430 Executing VM operation: ParallelGCFailedAllocation
Event: 3.521 Executing VM operation: ParallelGCFailedAllocation done


Dynamic libraries:
0x000000000637d000 	/System/Library/Frameworks/Cocoa.framework/Versions/A/Cocoa
0x000000000637d000 	/System/Library/Frameworks/Security.framework/Versions/A/Security
0x000000000637d000 	/System/Library/Frameworks/ApplicationServices.framework/Versions/A/ApplicationServices
0x000000000637d000 	/usr/lib/libz.1.dylib
0x000000000637d000 	/usr/lib/libSystem.B.dylib
0x000000000637d000 	/usr/lib/libobjc.A.dylib
0x000000000637d000 	/System/Library/Frameworks/CoreFoundation.framework/Versions/A/CoreFoundation
0x000000000637d000 	/System/Library/Frameworks/Foundation.framework/Versions/C/Foundation
0x000000000637d000 	/System/Library/Frameworks/AppKit.framework/Versions/C/AppKit
0x000000000637d000 	/System/Library/Frameworks/CoreData.framework/Versions/A/CoreData
0x000000000637d000 	/System/Library/PrivateFrameworks/RemoteViewServices.framework/Versions/A/RemoteViewServices
0x000000000637d000 	/System/Library/PrivateFrameworks/UIFoundation.framework/Versions/A/UIFoundation
0x000000000637d000 	/usr/lib/libScreenReader.dylib
0x000000000637d000 	/System/Library/Frameworks/Accelerate.framework/Versions/A/Accelerate
0x000000000637d000 	/System/Library/Frameworks/IOSurface.framework/Versions/A/IOSurface
0x000000000637d000 	/System/Library/Frameworks/AudioToolbox.framework/Versions/A/AudioToolbox
0x000000000637d000 	/System/Library/Frameworks/AudioUnit.framework/Versions/A/AudioUnit
0x000000000637d000 	/System/Library/PrivateFrameworks/DataDetectorsCore.framework/Versions/A/DataDetectorsCore
0x000000000637d000 	/System/Library/PrivateFrameworks/DesktopServicesPriv.framework/Versions/A/DesktopServicesPriv
0x000000000637d000 	/System/Library/Frameworks/Carbon.framework/Versions/A/Frameworks/HIToolbox.framework/Versions/A/HIToolbox
0x000000000637d000 	/System/Library/Frameworks/QuartzCore.framework/Versions/A/QuartzCore
0x000000000637d000 	/System/Library/Frameworks/Carbon.framework/Versions/A/Frameworks/SpeechRecognition.framework/Versions/A/SpeechRecognition
0x000000000637d000 	/usr/lib/libauto.dylib
0x000000000637d000 	/usr/lib/libicucore.A.dylib
0x000000000637d000 	/usr/lib/libxml2.2.dylib
0x000000000637d000 	/System/Library/PrivateFrameworks/CoreUI.framework/Versions/A/CoreUI
0x000000000637d000 	/System/Library/Frameworks/CoreAudio.framework/Versions/A/CoreAudio
0x000000000637d000 	/System/Library/Frameworks/DiskArbitration.framework/Versions/A/DiskArbitration
0x000000000637d000 	/usr/lib/liblangid.dylib
0x000000000637d000 	/System/Library/PrivateFrameworks/MultitouchSupport.framework/Versions/A/MultitouchSupport
0x000000000637d000 	/System/Library/Frameworks/IOKit.framework/Versions/A/IOKit
0x000000000637d000 	/usr/lib/libDiagnosticMessagesClient.dylib
0x000000000637d000 	/System/Library/Frameworks/CoreServices.framework/Versions/A/CoreServices
0x000000000637d000 	/System/Library/PrivateFrameworks/PerformanceAnalysis.framework/Versions/A/PerformanceAnalysis
0x000000000637d000 	/System/Library/PrivateFrameworks/GenerationalStorage.framework/Versions/A/GenerationalStorage
0x000000000637d000 	/System/Library/Frameworks/OpenGL.framework/Versions/A/OpenGL
0x000000000637d000 	/System/Library/PrivateFrameworks/Sharing.framework/Versions/A/Sharing
0x000000000637d000 	/System/Library/Frameworks/CoreGraphics.framework/Versions/A/CoreGraphics
0x000000000637d000 	/System/Library/Frameworks/CoreImage.framework/Versions/A/CoreImage
0x000000000637d000 	/System/Library/Frameworks/CoreText.framework/Versions/A/CoreText
0x000000000637d000 	/System/Library/Frameworks/ImageIO.framework/Versions/A/ImageIO
0x000000000637d000 	/System/Library/PrivateFrameworks/Backup.framework/Versions/A/Backup
0x000000000637d000 	/usr/lib/libextension.dylib
0x000000000637d000 	/usr/lib/libarchive.2.dylib
0x000000000637d000 	/System/Library/Frameworks/CFNetwork.framework/Versions/A/CFNetwork
0x000000000637d000 	/System/Library/Frameworks/SystemConfiguration.framework/Versions/A/SystemConfiguration
0x000000000637d000 	/usr/lib/libCRFSuite.dylib
0x000000000637d000 	/usr/lib/libc++.1.dylib
0x000000000637d000 	/usr/lib/libc++abi.dylib
0x000000000637d000 	/usr/lib/system/libcache.dylib
0x000000000637d000 	/usr/lib/system/libcommonCrypto.dylib
0x000000000637d000 	/usr/lib/system/libcompiler_rt.dylib
0x000000000637d000 	/usr/lib/system/libcopyfile.dylib
0x000000000637d000 	/usr/lib/system/libcorecrypto.dylib
0x000000000637d000 	/usr/lib/system/libdispatch.dylib
0x000000000637d000 	/usr/lib/system/libdyld.dylib
0x000000000637d000 	/usr/lib/system/libkeymgr.dylib
0x000000000637d000 	/usr/lib/system/liblaunch.dylib
0x000000000637d000 	/usr/lib/system/libmacho.dylib
0x000000000637d000 	/usr/lib/system/libquarantine.dylib
0x000000000637d000 	/usr/lib/system/libremovefile.dylib
0x000000000637d000 	/usr/lib/system/libsystem_asl.dylib
0x000000000637d000 	/usr/lib/system/libsystem_blocks.dylib
0x000000000637d000 	/usr/lib/system/libsystem_c.dylib
0x000000000637d000 	/usr/lib/system/libsystem_configuration.dylib
0x000000000637d000 	/usr/lib/system/libsystem_coreservices.dylib
0x000000000637d000 	/usr/lib/system/libsystem_coretls.dylib
0x000000000637d000 	/usr/lib/system/libsystem_dnssd.dylib
0x000000000637d000 	/usr/lib/system/libsystem_info.dylib
0x000000000637d000 	/usr/lib/system/libsystem_kernel.dylib
0x000000000637d000 	/usr/lib/system/libsystem_m.dylib
0x000000000637d000 	/usr/lib/system/libsystem_malloc.dylib
0x000000000637d000 	/usr/lib/system/libsystem_network.dylib
0x000000000637d000 	/usr/lib/system/libsystem_networkextension.dylib
0x000000000637d000 	/usr/lib/system/libsystem_notify.dylib
0x000000000637d000 	/usr/lib/system/libsystem_platform.dylib
0x000000000637d000 	/usr/lib/system/libsystem_pthread.dylib
0x000000000637d000 	/usr/lib/system/libsystem_sandbox.dylib
0x000000000637d000 	/usr/lib/system/libsystem_secinit.dylib
0x000000000637d000 	/usr/lib/system/libsystem_trace.dylib
0x000000000637d000 	/usr/lib/system/libunc.dylib
0x000000000637d000 	/usr/lib/system/libunwind.dylib
0x000000000637d000 	/usr/lib/system/libxpc.dylib
0x000000000637d000 	/usr/lib/libenergytrace.dylib
0x000000000637d000 	/usr/lib/libbsm.0.dylib
0x000000000637d000 	/usr/lib/system/libkxld.dylib
0x000000000637d000 	/usr/lib/libxar.1.dylib
0x000000000637d000 	/usr/lib/libsqlite3.dylib
0x000000000637d000 	/usr/lib/libpam.2.dylib
0x000000000637d000 	/usr/lib/libOpenScriptingUtil.dylib
0x000000000637d000 	/usr/lib/libbz2.1.0.dylib
0x000000000637d000 	/usr/lib/liblzma.5.dylib
0x000000000637d000 	/System/Library/Frameworks/CoreServices.framework/Versions/A/Frameworks/FSEvents.framework/Versions/A/FSEvents
0x000000000637d000 	/System/Library/Frameworks/CoreServices.framework/Versions/A/Frameworks/CarbonCore.framework/Versions/A/CarbonCore
0x000000000637d000 	/System/Library/Frameworks/CoreServices.framework/Versions/A/Frameworks/Metadata.framework/Versions/A/Metadata
0x000000000637d000 	/System/Library/Frameworks/CoreServices.framework/Versions/A/Frameworks/OSServices.framework/Versions/A/OSServices
0x000000000637d000 	/System/Library/Frameworks/CoreServices.framework/Versions/A/Frameworks/SearchKit.framework/Versions/A/SearchKit
0x000000000637d000 	/System/Library/Frameworks/CoreServices.framework/Versions/A/Frameworks/AE.framework/Versions/A/AE
0x000000000637d000 	/System/Library/Frameworks/CoreServices.framework/Versions/A/Frameworks/LaunchServices.framework/Versions/A/LaunchServices
0x000000000637d000 	/System/Library/Frameworks/CoreServices.framework/Versions/A/Frameworks/DictionaryServices.framework/Versions/A/DictionaryServices
0x000000000637d000 	/System/Library/Frameworks/CoreServices.framework/Versions/A/Frameworks/SharedFileList.framework/Versions/A/SharedFileList
0x000000000637d000 	/System/Library/Frameworks/NetFS.framework/Versions/A/NetFS
0x000000000637d000 	/System/Library/PrivateFrameworks/NetAuth.framework/Versions/A/NetAuth
0x000000000637d000 	/System/Library/PrivateFrameworks/login.framework/Versions/A/Frameworks/loginsupport.framework/Versions/A/loginsupport
0x000000000637d000 	/System/Library/PrivateFrameworks/TCC.framework/Versions/A/TCC
0x000000000637d000 	/usr/lib/libmecabra.dylib
0x000000000637d000 	/System/Library/Frameworks/ApplicationServices.framework/Versions/A/Frameworks/ATS.framework/Versions/A/ATS
0x000000000637d000 	/System/Library/Frameworks/ApplicationServices.framework/Versions/A/Frameworks/ColorSync.framework/Versions/A/ColorSync
0x000000000637d000 	/System/Library/Frameworks/ApplicationServices.framework/Versions/A/Frameworks/HIServices.framework/Versions/A/HIServices
0x000000000637d000 	/System/Library/Frameworks/ApplicationServices.framework/Versions/A/Frameworks/LangAnalysis.framework/Versions/A/LangAnalysis
0x000000000637d000 	/System/Library/Frameworks/ApplicationServices.framework/Versions/A/Frameworks/PrintCore.framework/Versions/A/PrintCore
0x000000000637d000 	/System/Library/Frameworks/ApplicationServices.framework/Versions/A/Frameworks/QD.framework/Versions/A/QD
0x000000000637d000 	/System/Library/Frameworks/ApplicationServices.framework/Versions/A/Frameworks/SpeechSynthesis.framework/Versions/A/SpeechSynthesis
0x000000000637d000 	/System/Library/Frameworks/Metal.framework/Versions/A/Metal
0x000000000637d000 	/System/Library/Frameworks/Accelerate.framework/Versions/A/Frameworks/vImage.framework/Versions/A/vImage
0x000000000637d000 	/System/Library/Frameworks/Accelerate.framework/Versions/A/Frameworks/vecLib.framework/Versions/A/vecLib
0x000000000637d000 	/System/Library/Frameworks/Accelerate.framework/Versions/A/Frameworks/vecLib.framework/Versions/A/libvDSP.dylib
0x000000000637d000 	/System/Library/Frameworks/Accelerate.framework/Versions/A/Frameworks/vecLib.framework/Versions/A/libvMisc.dylib
0x000000000637d000 	/System/Library/Frameworks/Accelerate.framework/Versions/A/Frameworks/vecLib.framework/Versions/A/libLAPACK.dylib
0x000000000637d000 	/System/Library/Frameworks/Accelerate.framework/Versions/A/Frameworks/vecLib.framework/Versions/A/libBLAS.dylib
0x000000000637d000 	/System/Library/Frameworks/Accelerate.framework/Versions/A/Frameworks/vecLib.framework/Versions/A/libLinearAlgebra.dylib
0x000000000637d000 	/System/Library/Frameworks/Accelerate.framework/Versions/A/Frameworks/vecLib.framework/Versions/A/libSparseBLAS.dylib
0x000000000637d000 	/System/Library/PrivateFrameworks/GPUCompiler.framework/libmetal_timestamp.dylib
0x000000000637d000 	/System/Library/Frameworks/OpenGL.framework/Versions/A/Libraries/libCoreFSCache.dylib
0x000000000637d000 	/System/Library/PrivateFrameworks/IOAccelerator.framework/Versions/A/IOAccelerator
0x000000000637d000 	/System/Library/Frameworks/ApplicationServices.framework/Versions/A/Frameworks/ATS.framework/Versions/A/Resources/libFontParser.dylib
0x000000000637d000 	/System/Library/Frameworks/ApplicationServices.framework/Versions/A/Frameworks/ATS.framework/Versions/A/Resources/libFontRegistry.dylib
0x000000000637d000 	/System/Library/PrivateFrameworks/AppleVPA.framework/Versions/A/AppleVPA
0x000000000637d000 	/System/Library/PrivateFrameworks/AppleJPEG.framework/Versions/A/AppleJPEG
0x000000000637d000 	/System/Library/Frameworks/ImageIO.framework/Versions/A/Resources/libJPEG.dylib
0x000000000637d000 	/System/Library/Frameworks/ImageIO.framework/Versions/A/Resources/libTIFF.dylib
0x000000000637d000 	/System/Library/Frameworks/ImageIO.framework/Versions/A/Resources/libPng.dylib
0x000000000637d000 	/System/Library/Frameworks/ImageIO.framework/Versions/A/Resources/libGIF.dylib
0x000000000637d000 	/System/Library/Frameworks/ImageIO.framework/Versions/A/Resources/libJP2.dylib
0x000000000637d000 	/System/Library/Frameworks/ImageIO.framework/Versions/A/Resources/libRadiance.dylib
0x000000000637d000 	/System/Library/Frameworks/CoreVideo.framework/Versions/A/CoreVideo
0x000000000637d000 	/System/Library/Frameworks/OpenGL.framework/Versions/A/Libraries/libGLU.dylib
0x000000000637d000 	/System/Library/Frameworks/OpenGL.framework/Versions/A/Libraries/libGFXShared.dylib
0x000000000637d000 	/System/Library/Frameworks/OpenGL.framework/Versions/A/Libraries/libGL.dylib
0x000000000637d000 	/System/Library/Frameworks/OpenGL.framework/Versions/A/Libraries/libGLImage.dylib
0x000000000637d000 	/System/Library/Frameworks/OpenGL.framework/Versions/A/Libraries/libCVMSPluginSupport.dylib
0x000000000637d000 	/System/Library/Frameworks/OpenGL.framework/Versions/A/Libraries/libCoreVMClient.dylib
0x000000000637d000 	/usr/lib/libcompression.dylib
0x000000000637d000 	/usr/lib/libcups.2.dylib
0x000000000637d000 	/System/Library/Frameworks/Kerberos.framework/Versions/A/Kerberos
0x000000000637d000 	/System/Library/Frameworks/GSS.framework/Versions/A/GSS
0x000000000637d000 	/usr/lib/libresolv.9.dylib
0x000000000637d000 	/usr/lib/libiconv.2.dylib
0x000000000637d000 	/System/Library/PrivateFrameworks/Heimdal.framework/Versions/A/Heimdal
0x000000000637d000 	/usr/lib/libheimdal-asn1.dylib
0x000000000637d000 	/System/Library/Frameworks/OpenDirectory.framework/Versions/A/OpenDirectory
0x000000000637d000 	/System/Library/PrivateFrameworks/CommonAuth.framework/Versions/A/CommonAuth
0x000000000637d000 	/System/Library/Frameworks/OpenDirectory.framework/Versions/A/Frameworks/CFOpenDirectory.framework/Versions/A/CFOpenDirectory
0x000000000637d000 	/System/Library/Frameworks/SecurityFoundation.framework/Versions/A/SecurityFoundation
0x000000000637d000 	/System/Library/PrivateFrameworks/LanguageModeling.framework/Versions/A/LanguageModeling
0x000000000637d000 	/usr/lib/libmarisa.dylib
0x000000000637d000 	/usr/lib/libChineseTokenizer.dylib
0x000000000637d000 	/usr/lib/libcmph.dylib
0x000000000637d000 	/System/Library/Frameworks/ServiceManagement.framework/Versions/A/ServiceManagement
0x000000000637d000 	/usr/lib/libxslt.1.dylib
0x000000000637d000 	/System/Library/Frameworks/Carbon.framework/Versions/A/Frameworks/Ink.framework/Versions/A/Ink
0x000000000637d000 	/usr/lib/libFosl_dynamic.dylib
0x000000000637d000 	/System/Library/PrivateFrameworks/FaceCore.framework/Versions/A/FaceCore
0x000000000637d000 	/System/Library/Frameworks/OpenCL.framework/Versions/A/OpenCL
0x000000000637d000 	/System/Library/PrivateFrameworks/CrashReporterSupport.framework/Versions/A/CrashReporterSupport
0x000000000637d000 	/System/Library/PrivateFrameworks/IconServices.framework/Versions/A/IconServices
0x000000000637d000 	/System/Library/PrivateFrameworks/Apple80211.framework/Versions/A/Apple80211
0x000000000637d000 	/System/Library/Frameworks/CoreWLAN.framework/Versions/A/CoreWLAN
0x000000000637d000 	/System/Library/Frameworks/IOBluetooth.framework/Versions/A/IOBluetooth
0x000000000637d000 	/System/Library/PrivateFrameworks/CoreWiFi.framework/Versions/A/CoreWiFi
0x000000000637d000 	/System/Library/Frameworks/CoreBluetooth.framework/Versions/A/CoreBluetooth
0x000000000637d000 	/System/Library/PrivateFrameworks/ChunkingLibrary.framework/Versions/A/ChunkingLibrary
0x000000000637d000 	/System/Library/PrivateFrameworks/DebugSymbols.framework/Versions/A/DebugSymbols
0x000000000637d000 	/System/Library/PrivateFrameworks/CoreSymbolication.framework/Versions/A/CoreSymbolication
0x000000000637d000 	/System/Library/PrivateFrameworks/Symbolication.framework/Versions/A/Symbolication
0x000000000637d000 	/System/Library/PrivateFrameworks/SpeechRecognitionCore.framework/Versions/A/SpeechRecognitionCore
0x000000010ce00000 	/Library/Java/JavaVirtualMachines/jdk1.8.0_111.jdk/Contents/Home/jre/lib/server/libjvm.dylib
0x000000000637d000 	/usr/lib/libstdc++.6.dylib
0x000000010b460000 	/Library/Java/JavaVirtualMachines/jdk1.8.0_111.jdk/Contents/Home/jre/lib/libverify.dylib
0x000000010b46e000 	/Library/Java/JavaVirtualMachines/jdk1.8.0_111.jdk/Contents/Home/jre/lib/libjava.dylib
0x000000010b4a4000 	/Library/Java/JavaVirtualMachines/jdk1.8.0_111.jdk/Contents/Home/jre/lib/libjdwp.dylib
0x000000010b4ef000 	/Library/Java/JavaVirtualMachines/jdk1.8.0_111.jdk/Contents/Home/jre/lib/libnpt.dylib
0x000000010b4f3000 	/Library/Java/JavaVirtualMachines/jdk1.8.0_111.jdk/Contents/Home/jre/lib/libinstrument.dylib
0x000000010b551000 	/Library/Java/JavaVirtualMachines/jdk1.8.0_111.jdk/Contents/Home/jre/lib/libzip.dylib
0x00000001454c4000 	/System/Library/Frameworks/JavaVM.framework/Frameworks/JavaRuntimeSupport.framework/JavaRuntimeSupport
0x00000001454df000 	/System/Library/Frameworks/JavaVM.framework/Versions/A/Frameworks/JavaNativeFoundation.framework/Versions/A/JavaNativeFoundation
0x00000001454f4000 	/System/Library/Frameworks/JavaVM.framework/Versions/A/JavaVM
0x000000000637d000 	/System/Library/Frameworks/Carbon.framework/Versions/A/Carbon
0x0000000145501000 	/System/Library/PrivateFrameworks/JavaLaunching.framework/Versions/A/JavaLaunching
0x000000000637d000 	/System/Library/Frameworks/Carbon.framework/Versions/A/Frameworks/CommonPanels.framework/Versions/A/CommonPanels
0x000000000637d000 	/System/Library/Frameworks/Carbon.framework/Versions/A/Frameworks/Help.framework/Versions/A/Help
0x000000000637d000 	/System/Library/Frameworks/Carbon.framework/Versions/A/Frameworks/ImageCapture.framework/Versions/A/ImageCapture
0x000000000637d000 	/System/Library/Frameworks/Carbon.framework/Versions/A/Frameworks/OpenScripting.framework/Versions/A/OpenScripting
0x000000000637d000 	/System/Library/Frameworks/Carbon.framework/Versions/A/Frameworks/Print.framework/Versions/A/Print
0x000000000637d000 	/System/Library/Frameworks/Carbon.framework/Versions/A/Frameworks/SecurityHI.framework/Versions/A/SecurityHI
0x0000000146e20000 	/Library/Java/JavaVirtualMachines/jdk1.8.0_111.jdk/Contents/Home/jre/lib/libdt_socket.dylib
0x0000000147184000 	/private/var/folders/xr/cz07bg2n2tq606hdhs_rr_lh0000gn/T/jna-3267769/jna3213737765049032691.tmp
0x000000014719b000 	/Library/Java/JavaVirtualMachines/jdk1.8.0_111.jdk/Contents/Home/jre/lib/libawt.dylib
0x0000000147243000 	/Library/Java/JavaVirtualMachines/jdk1.8.0_111.jdk/Contents/Home/jre/lib/./libmlib_image.dylib
0x000000014730f000 	/Library/Java/JavaVirtualMachines/jdk1.8.0_111.jdk/Contents/Home/jre/lib/libawt_lwawt.dylib
0x00000001473c4000 	/Library/Java/JavaVirtualMachines/jdk1.8.0_111.jdk/Contents/Home/jre/lib/./libosxapp.dylib
0x000000000637d000 	/System/Library/Frameworks/ExceptionHandling.framework/Versions/A/ExceptionHandling
0x000000000637d000 	/System/Library/PrivateFrameworks/CoreServicesInternal.framework/Versions/A/CoreServicesInternal
0x000000000637d000 	/System/Library/Frameworks/CoreGraphics.framework/Versions/A/Resources/libRIP.A.dylib
0x000000000637d000 	/System/Library/Frameworks/Accelerate.framework/Versions/A/Frameworks/vImage.framework/Versions/A/Libraries/libCGInterfaces.dylib
0x000000000637d000 	/System/Library/Frameworks/CoreGraphics.framework/Versions/A/Resources/libCGXType.A.dylib
0x000000000637d000 	/System/Library/Frameworks/OpenCL.framework/Versions/A/Libraries/libcldcpuengine.dylib
0x000000000637d000 	/System/Library/PrivateFrameworks/DiskImages.framework/Versions/A/DiskImages
0x000000000637d000 	/System/Library/Frameworks/DiscRecording.framework/Versions/A/DiscRecording
0x000000000637d000 	/usr/lib/libcsfde.dylib
0x000000000637d000 	/usr/lib/libcurl.4.dylib
0x000000000637d000 	/System/Library/PrivateFrameworks/MediaKit.framework/Versions/A/MediaKit
0x000000000637d000 	/System/Library/PrivateFrameworks/ProtectedCloudStorage.framework/Versions/A/ProtectedCloudStorage
0x000000000637d000 	/usr/lib/libCoreStorage.dylib
0x000000000637d000 	/System/Library/PrivateFrameworks/EFILogin.framework/Versions/A/EFILogin
0x000000000637d000 	/usr/lib/libutil.dylib
0x000000000637d000 	/System/Library/PrivateFrameworks/FindMyDevice.framework/Versions/A/FindMyDevice
0x000000000637d000 	/System/Library/Frameworks/LDAP.framework/Versions/A/LDAP
0x000000000637d000 	/usr/lib/libsasl2.2.dylib
0x000000000637d000 	/System/Library/PrivateFrameworks/CoreDaemon.framework/Versions/B/CoreDaemon
0x000000000637d000 	/usr/lib/libcrypto.0.9.8.dylib
0x000000000637d000 	/System/Library/PrivateFrameworks/AppleSRP.framework/Versions/A/AppleSRP
0x000000000637d000 	/System/Library/PrivateFrameworks/TrustEvaluationAgent.framework/Versions/A/TrustEvaluationAgent
0x0000000148d73000 	cl_kernels
0x000000000637d000 	/System/Library/Frameworks/OpenCL.framework/Versions/A/Libraries/ImageFormats/unorm8_bgra.dylib
0x000000000637d000 	/System/Library/Frameworks/OpenCL.framework/Versions/A/Libraries/ImageFormats/unorm8_rgba.dylib
0x000000000637d000 	/System/Library/PrivateFrameworks/FamilyControls.framework/Versions/A/FamilyControls
0x000000000637d000 	/System/Library/PrivateFrameworks/CommerceKit.framework/Versions/A/Frameworks/CommerceCore.framework/Versions/A/CommerceCore
0x000000000637d000 	/System/Library/PrivateFrameworks/SystemAdministration.framework/Versions/A/SystemAdministration
0x000000000637d000 	/System/Library/PrivateFrameworks/AppContainer.framework/Versions/A/AppContainer
0x000000000637d000 	/System/Library/PrivateFrameworks/SecCodeWrapper.framework/Versions/A/SecCodeWrapper
0x000000000637d000 	/System/Library/Frameworks/DirectoryService.framework/Versions/A/DirectoryService
0x000000000637d000 	/System/Library/PrivateFrameworks/LoginUIKit.framework/Versions/A/Frameworks/LoginUICore.framework/Versions/A/LoginUICore
0x000000000637d000 	/usr/lib/libodfde.dylib
0x000000014700b000 	/Library/Java/JavaVirtualMachines/jdk1.8.0_111.jdk/Contents/Home/jre/lib/libnio.dylib
0x000000014701b000 	/Library/Java/JavaVirtualMachines/jdk1.8.0_111.jdk/Contents/Home/jre/lib/./libnet.dylib
0x0000000148093000 	/Library/Java/JavaVirtualMachines/jdk1.8.0_111.jdk/Contents/Home/jre/lib/libfontmanager.dylib
0x000000000637d000 	/System/Library/Frameworks/OpenGL.framework/Versions/A/Resources/GLEngine.bundle/GLEngine
0x000000000637d000 	/System/Library/Frameworks/OpenGL.framework/Versions/A/Libraries/libGLProgrammability.dylib
0x000000000637d000 	/System/Library/Extensions/GeForceGLDriver.bundle/Contents/MacOS/GeForceGLDriver
0x000000000637d000 	/System/Library/Extensions/GeForceGLDriver.bundle/Contents/MacOS/libclh.dylib
0x000000000637d000 	/System/Library/PrivateFrameworks/GPUSupport.framework/Versions/A/Libraries/libGPUSupportMercury.dylib
0x000000000637d000 	/System/Library/Frameworks/OpenGL.framework/Versions/A/Resources/GLRendererFloat.bundle/GLRendererFloat
0x000000014aee3000 	/private/var/folders/xr/cz07bg2n2tq606hdhs_rr_lh0000gn/T/BridJExtractedLibraries1242040407363110497/libbridj.dylib
0x000000014acd9000 	/var/folders/xr/cz07bg2n2tq606hdhs_rr_lh0000gn/T/BridJExtractedLibraries1242040407363110497/libmac-utils.dylib
0x000000000637d000 	/System/Library/CoreServices/RawCamera.bundle/Contents/MacOS/RawCamera

VM Arguments:
jvm_args: -agentlib:jdwp=transport=dt_socket,address=127.0.0.1:58362,suspend=y,server=n -javaagent:/Users/joey/Library/Caches/IntelliJIdea2016.1/groovyHotSwap/gragent.jar -Dfile.encoding=UTF-8 
java_command: pw.tmg.client.TmgClient
java_class_path (initial): /Library/Java/JavaVirtualMachines/jdk1.8.0_111.jdk/Contents/Home/jre/lib/charsets.jar:/Library/Java/JavaVirtualMachines/jdk1.8.0_111.jdk/Contents/Home/jre/lib/deploy.jar:/Library/Java/JavaVirtualMachines/jdk1.8.0_111.jdk/Contents/Home/jre/lib/ext/cldrdata.jar:/Library/Java/JavaVirtualMachines/jdk1.8.0_111.jdk/Contents/Home/jre/lib/ext/dnsns.jar:/Library/Java/JavaVirtualMachines/jdk1.8.0_111.jdk/Contents/Home/jre/lib/ext/jaccess.jar:/Library/Java/JavaVirtualMachines/jdk1.8.0_111.jdk/Contents/Home/jre/lib/ext/jfxrt.jar:/Library/Java/JavaVirtualMachines/jdk1.8.0_111.jdk/Contents/Home/jre/lib/ext/localedata.jar:/Library/Java/JavaVirtualMachines/jdk1.8.0_111.jdk/Contents/Home/jre/lib/ext/nashorn.jar:/Library/Java/JavaVirtualMachines/jdk1.8.0_111.jdk/Contents/Home/jre/lib/ext/sunec.jar:/Library/Java/JavaVirtualMachines/jdk1.8.0_111.jdk/Contents/Home/jre/lib/ext/sunjce_provider.jar:/Library/Java/JavaVirtualMachines/jdk1.8.0_111.jdk/Contents/Home/jre/lib/ext/sunpkcs11.jar:/Library/Java/JavaVirtualMachines/jdk1.8.0_111.jdk/Contents/Home/jre/lib/ext/zipfs.jar:/Library/Java/JavaVirtualMachines/jdk1.8.0_111.jdk/Contents/Home/jre/lib/javaws.jar:/Library/Java/JavaVirtualMachines/jdk1.8.0_111.jdk/Contents/Home/jre/lib/jce.jar:/Library/Java/JavaVirtualMachines/jdk1.8.0_111.jdk/Contents/Home/jre/lib/jfr.jar:/Library/Java/JavaVirtualMachines/jdk1.8.0_111.jdk/Contents/Home/jre/lib/jfxswt.jar:/Library/Java/JavaVirtualMachines/jdk1.8.0_111.jdk/Contents/Home/jre/lib/jsse.jar:/Library/Java/JavaVirtualMachines/jdk1.8.0_111.jdk/Contents/Home/jre/lib/management-agent.jar:/Library/Java/JavaVirtualMachines/jdk1.8.0_111.jdk/Contents/Home/jre/lib/plugin.jar:/Library/Java/JavaVirtualMachines/jdk1.8.0_111.jdk/Contents/Home/jre/lib/resources.jar:/Library/Java/JavaVirtualMachines/jdk1.8.0_111.jdk/Contents/Home/jre/lib/rt.jar:/Library/Java/JavaVirtualMachines/jdk1.8.0_111.jdk/Contents/Home/lib/ant-javafx.jar:/Library/Java/JavaVirtualMachines/jdk1.8.0_111.jdk/Contents/Home
Launcher Type: SUN_STANDARD

Environment Variables:
PATH=/Users/joey/.nvm/versions/node/v6.7.0/bin:/Library/Frameworks/Python.framework/Versions/3.5/bin:/usr/local/bin:/usr/bin:/bin:/usr/sbin:/sbin:/usr/local/go/bin:/Library/Frameworks/Mono.framework/Versions/Current/Commands:/Users/joey/go/bin
SHELL=/bin/bash

Signal Handlers:
SIGSEGV: [libjvm.dylib+0x5b03ed], sa_mask[0]=11111111011111110111111111111111, sa_flags=SA_ONSTACK|SA_RESTART|SA_SIGINFO
SIGBUS: [libjvm.dylib+0x5b03ed], sa_mask[0]=11111111011111110111111111111111, sa_flags=SA_RESTART|SA_SIGINFO
SIGFPE: [libjvm.dylib+0x48711c], sa_mask[0]=11111111011111110111111111111111, sa_flags=SA_RESTART|SA_SIGINFO
SIGPIPE: [libjvm.dylib+0x48711c], sa_mask[0]=11111111011111110111111111111111, sa_flags=SA_RESTART|SA_SIGINFO
SIGXFSZ: [libjvm.dylib+0x48711c], sa_mask[0]=11111111011111110111111111111111, sa_flags=SA_RESTART|SA_SIGINFO
SIGILL: [libjvm.dylib+0x48711c], sa_mask[0]=11111111011111110111111111111111, sa_flags=SA_RESTART|SA_SIGINFO
SIGUSR1: SIG_DFL, sa_mask[0]=00000000000000000000000000000000, sa_flags=none
SIGUSR2: [libjvm.dylib+0x486c3a], sa_mask[0]=00100000000000000000000000000000, sa_flags=SA_RESTART|SA_SIGINFO
SIGHUP: [libjvm.dylib+0x485211], sa_mask[0]=11111111011111110111111111111111, sa_flags=SA_RESTART|SA_SIGINFO
SIGINT: [libjvm.dylib+0x485211], sa_mask[0]=11111111011111110111111111111111, sa_flags=SA_RESTART|SA_SIGINFO
SIGTERM: [libjvm.dylib+0x485211], sa_mask[0]=11111111011111110111111111111111, sa_flags=SA_RESTART|SA_SIGINFO
SIGQUIT: [libjvm.dylib+0x485211], sa_mask[0]=11111111011111110111111111111111, sa_flags=SA_RESTART|SA_SIGINFO


---------------  S Y S T E M  ---------------

OS:Bsduname:Darwin 15.6.0 Darwin Kernel Version 15.6.0: Thu Jun 23 18:25:34 PDT 2016; root:xnu-3248.60.10~1/RELEASE_X86_64 x86_64
rlimit: STACK 8192k, CORE 0k, NPROC 709, NOFILE 10240, AS infinity
load average:3.61 3.58 3.27

CPU:total 12 (6 cores per cpu, 2 threads per core) family 6 model 45 stepping 7, cmov, cx8, fxsr, mmx, sse, sse2, sse3, ssse3, sse4.1, sse4.2, popcnt, avx, aes, clmul, ht, tsc, tscinvbit, tscinv

Memory: 4k page, physical 67108864k(552044k free)

/proc/meminfo:


vm_info: Java HotSpot(TM) 64-Bit Server VM (25.111-b14) for bsd-amd64 JRE (1.8.0_111-b14), built on Sep 22 2016 15:31:41 by "java_re" with gcc 4.2.1 (Based on Apple Inc. build 5658) (LLVM build 2336.11.00)

time: Fri Dec 16 03:51:03 2016
elapsed time: 3 seconds (0d 0h 0m 3s)

