#
# A fatal error has been detected by the Java Runtime Environment:
#
#  SIGSEGV (0xb) at pc=0x00000001495d3b7c, pid=9708, tid=0x000000000000ec13
#
# JRE version: Java(TM) SE Runtime Environment (8.0_111-b14) (build 1.8.0_111-b14)
# Java VM: Java HotSpot(TM) 64-Bit Server VM (25.111-b14 mixed mode bsd-amd64 compressed oops)
# Problematic frame:
# C  [libbridj.dylib+0x7b7c]  Java_org_bridj_JNI_get_1long+0x7c
#
# Failed to write core dump. Core dumps have been disabled. To enable core dumping, try "ulimit -c unlimited" before starting Java again
#
# If you would like to submit a bug report, please visit:
#   http://bugreport.java.com/bugreport/crash.jsp
# The crash happened outside the Java Virtual Machine in native code.
# See problematic frame for where to report the bug.
#

---------------  T H R E A D  ---------------

Current thread (0x00007fccee18f000):  JavaThread "pool-1-thread-1" [_thread_in_native, id=60435, stack(0x000070000228c000,0x000070000238c000)]

siginfo: si_signo: 11 (SIGSEGV), si_code: 1 (SEGV_MAPERR), si_addr: 0x00007fccf2c00000

Registers:
RAX=0x00000007c0225208, RBX=0x00007fccf2c00000, RCX=0x000000066fe09f20, RDX=0x00007fccf2c00000
RSP=0x000070000238b2a0, RBP=0x000070000238b2c0, RSI=0x000070000238b300, RDI=0x00007fccee18f1f8
R8 =0x00000000ce761862, R9 =0x0000000671b12550, R10=0x000000010c4844c1, R11=0x0000000673b0c310
R12=0x00007fccee18f1f8, R13=0x000000066fe038b0, R14=0x000070000238b300, R15=0x00007fccee18f000
RIP=0x00000001495d3b7c, EFLAGS=0x0000000000010246, ERR=0x0000000000000004
  TRAPNO=0x000000000000000e

Top of Stack: (sp=0x000070000238b2a0)
0x000070000238b2a0:   ffffffffffffffff 0000000000000000
0x000070000238b2b0:   000070000238b300 00007fccee18f000
0x000070000238b2c0:   000070000238b310 000000010c484531
0x000070000238b2d0:   000000014945f058 0000000673790780
0x000070000238b2e0:   000070000238b310 000070000238b310
0x000070000238b2f0:   00000006717a2320 0000000671ab9ad0
0x000070000238b300:   0000000671929450 0000000673790798
0x000070000238b310:   000000066fe09f20 000000010c49d364
0x000070000238b320:   0000000671b12550 00000000ce362491
0x000070000238b330:   0000000673b0c310 0000000673b0c310
0x000070000238b340:   0000000673b0c358 0000000671ab9ad0
0x000070000238b350:   0000000000027141 00000000ce75fc62
0x000070000238b360:   0000000000000000 00000001494e7eb0
0x000070000238b370:   00007fccf2c00000 000070000238b3a0
0x000070000238b380:   0000000673928638 0000000673afe310
0x000070000238b390:   0000000000000001 0000000000000001
0x000070000238b3a0:   000070000238b518 000000010c4a156c
0x000070000238b3b0:   000000000000003d 00000001494e7eb0
0x000070000238b3c0:   000000000238b400 000070000238b458
0x000070000238b3d0:   000000010bfcc985 000000010bfa65d0
0x000070000238b3e0:   0000000100000000 000070000238b498
0x000070000238b3f0:   000070000238b458 0000000000000000
0x000070000238b400:   0000000000000000 0000000000000000
0x000070000238b410:   0000000000000000 0000000000000000
0x000070000238b420:   000000000000002c 0000000000000000
0x000070000238b430:   000070000238b4c8 00007fccee18f000
0x000070000238b440:   000070000238b498 000000010bfcc9c7
0x000070000238b450:   000000066fe09f20 000000066fe03448
0x000070000238b460:   000000066fe03360 000000066fe09f20
0x000070000238b470:   000000066fe03360 000000066fe03448
0x000070000238b480:   0000000673b0c358 0000000673b0c370
0x000070000238b490:   0000000000000000 000070000238b518 

Instructions: (pc=0x00000001495d3b7c)
0x00000001495d3b5c:   85 c0 74 21 41 8b 96 44 01 00 00 49 8b 8e 48 01
0x00000001495d3b6c:   00 00 4c 89 e7 89 c6 e8 28 a0 ff ff 31 db eb 08
0x00000001495d3b7c:   48 8b 1b eb 16 48 8b 1b 4c 89 ff e8 d4 a1 ff ff
0x00000001495d3b8c:   4c 89 e7 4c 89 f6 e8 39 34 00 00 48 89 d8 5b 41 

Register to memory mapping:

RAX=0x00000007c0225208 is pointing into metadata
RBX=0x00007fccf2c00000 is an unknown value
RCX=0x000000066fe09f20 is an oop
org.bridj.Pointer$1 
 - klass: 'org/bridj/Pointer$1'
RDX=0x00007fccf2c00000 is an unknown value
RSP=0x000070000238b2a0 is pointing into the stack for thread: 0x00007fccee18f000
RBP=0x000070000238b2c0 is pointing into the stack for thread: 0x00007fccee18f000
RSI=0x000070000238b300 is pointing into the stack for thread: 0x00007fccee18f000
RDI=0x00007fccee18f1f8 is an unknown value
R8 =0x00000000ce761862 is an unknown value
R9 =0x0000000671b12550 is an oop
org.bridj.CommonPointerIOs$PointerPointerIO 
 - klass: 'org/bridj/CommonPointerIOs$PointerPointerIO'
R10=0x000000010c4844c1 is at entry_point+65 in (nmethod*)0x000000010c484310
R11=0x0000000673b0c310 is an oop
org.bridj.Pointer$OrderedPointer 
 - klass: 'org/bridj/Pointer$OrderedPointer'
R12=0x00007fccee18f1f8 is an unknown value
R13=0x000000066fe038b0 is an oop
java.util.ArrayList 
 - klass: 'java/util/ArrayList'
R14=0x000070000238b300 is pointing into the stack for thread: 0x00007fccee18f000
R15=0x00007fccee18f000 is a thread


Stack: [0x000070000228c000,0x000070000238c000],  sp=0x000070000238b2a0,  free space=1020k
Native frames: (J=compiled Java code, j=interpreted, Vv=VM code, C=native code)
C  [libbridj.dylib+0x7b7c]  Java_org_bridj_JNI_get_1long+0x7c
J 1446  org.bridj.JNI.get_long(J)J (0 bytes) @ 0x000000010c484531 [0x000000010c484480+0xb1]
J 1464 C2 org.bridj.Pointer$1.next()Ljava/lang/Object; (69 bytes) @ 0x000000010c49d364 [0x000000010c49d2c0+0xa4]
J 1472% C1 pw.tmg.client.module.mac.MacClipboardContent.<init>(Lorg/bridj/Pointer;)V (87 bytes) @ 0x000000010c4a156c [0x000000010c4a1100+0x46c]
j  pw.tmg.client.module.mac.MacPlatform.getAllClipboardContent()Lpw/tmg/client/model/ClipboardContent;+7
j  pw.tmg.client.actions.UploadClipboard.call()Lrx/Single;+7
j  pw.tmg.client.actions.UploadClipboard.call()Ljava/lang/Object;+1
j  pw.tmg.client.actions.ActionManager.performAction(Lpw/tmg/client/model/TmgAction;)V+9
j  pw.tmg.client.actions.ActionManager$1.lambda$perform$1(Lpw/tmg/client/model/TmgAction;)V+5
j  pw.tmg.client.actions.ActionManager$1$$Lambda$4.call()V+8
j  pw.tmg.client.module.mac.MacPlatform.lambda$null$0(Lrx/functions/Action0;Lcom/tulskiy/keymaster/common/HotKey;)V+1
j  pw.tmg.client.module.mac.MacPlatform$$Lambda$8.onHotKey(Lcom/tulskiy/keymaster/common/HotKey;)V+5
j  com.tulskiy.keymaster.common.Provider$HotKeyEvent.run()V+11
j  java.util.concurrent.ThreadPoolExecutor.runWorker(Ljava/util/concurrent/ThreadPoolExecutor$Worker;)V+95
j  java.util.concurrent.ThreadPoolExecutor$Worker.run()V+5
j  java.lang.Thread.run()V+11
v  ~StubRoutines::call_stub
V  [libjvm.dylib+0x2ecf8a]  JavaCalls::call_helper(JavaValue*, methodHandle*, JavaCallArguments*, Thread*)+0x6ae
V  [libjvm.dylib+0x2ed718]  JavaCalls::call_virtual(JavaValue*, KlassHandle, Symbol*, Symbol*, JavaCallArguments*, Thread*)+0x164
V  [libjvm.dylib+0x2ed8c4]  JavaCalls::call_virtual(JavaValue*, Handle, KlassHandle, Symbol*, Symbol*, Thread*)+0x4a
V  [libjvm.dylib+0x348039]  thread_entry(JavaThread*, Thread*)+0x7c
V  [libjvm.dylib+0x56a27b]  JavaThread::thread_main_inner()+0x9b
V  [libjvm.dylib+0x56b968]  JavaThread::run()+0x1c2
V  [libjvm.dylib+0x489b0a]  java_start(Thread*)+0xf6
C  [libsystem_pthread.dylib+0x399d]  _pthread_body+0x83
C  [libsystem_pthread.dylib+0x391a]  _pthread_body+0x0
C  [libsystem_pthread.dylib+0x1351]  thread_start+0xd
C  0x0000000000000000

Java frames: (J=compiled Java code, j=interpreted, Vv=VM code)
J 1446  org.bridj.JNI.get_long(J)J (0 bytes) @ 0x000000010c4844c1 [0x000000010c484480+0x41]
J 1464 C2 org.bridj.Pointer$1.next()Ljava/lang/Object; (69 bytes) @ 0x000000010c49d364 [0x000000010c49d2c0+0xa4]
J 1472% C1 pw.tmg.client.module.mac.MacClipboardContent.<init>(Lorg/bridj/Pointer;)V (87 bytes) @ 0x000000010c4a156c [0x000000010c4a1100+0x46c]
j  pw.tmg.client.module.mac.MacPlatform.getAllClipboardContent()Lpw/tmg/client/model/ClipboardContent;+7
j  pw.tmg.client.actions.UploadClipboard.call()Lrx/Single;+7
j  pw.tmg.client.actions.UploadClipboard.call()Ljava/lang/Object;+1
j  pw.tmg.client.actions.ActionManager.performAction(Lpw/tmg/client/model/TmgAction;)V+9
j  pw.tmg.client.actions.ActionManager$1.lambda$perform$1(Lpw/tmg/client/model/TmgAction;)V+5
j  pw.tmg.client.actions.ActionManager$1$$Lambda$4.call()V+8
j  pw.tmg.client.module.mac.MacPlatform.lambda$null$0(Lrx/functions/Action0;Lcom/tulskiy/keymaster/common/HotKey;)V+1
j  pw.tmg.client.module.mac.MacPlatform$$Lambda$8.onHotKey(Lcom/tulskiy/keymaster/common/HotKey;)V+5
j  com.tulskiy.keymaster.common.Provider$HotKeyEvent.run()V+11
j  java.util.concurrent.ThreadPoolExecutor.runWorker(Ljava/util/concurrent/ThreadPoolExecutor$Worker;)V+95
j  java.util.concurrent.ThreadPoolExecutor$Worker.run()V+5
j  java.lang.Thread.run()V+11
v  ~StubRoutines::call_stub

---------------  P R O C E S S  ---------------

Java Threads: ( => current thread )
  0x00007fccf09c3800 JavaThread "Java Sound Event Dispatcher" daemon [_thread_blocked, id=78859, stack(0x0000700002a4f000,0x0000700002b4f000)]
  0x00007fccf11c7000 JavaThread "Okio Watchdog" daemon [_thread_blocked, id=65387, stack(0x00007000027c6000,0x00007000028c6000)]
  0x00007fccf08d6800 JavaThread "OkHttp ConnectionPool" daemon [_thread_blocked, id=64795, stack(0x00007000026c3000,0x00007000027c3000)]
  0x00007fccef92f800 JavaThread "OkHttp Dispatcher" [_thread_blocked, id=64023, stack(0x00007000025c0000,0x00007000026c0000)]
  0x00007fccf11d8000 JavaThread "process reaper" daemon [_thread_blocked, id=61703, stack(0x0000700002595000,0x00007000025bd000)]
  0x00007fccf18aa800 JavaThread "RxIoScheduler-2" daemon [_thread_blocked, id=61255, stack(0x0000700002492000,0x0000700002592000)]
  0x00007fccec174800 JavaThread "RxIoScheduler-1 (Evictor)" daemon [_thread_blocked, id=60211, stack(0x000070000238f000,0x000070000248f000)]
=>0x00007fccee18f000 JavaThread "pool-1-thread-1" [_thread_in_native, id=60435, stack(0x000070000228c000,0x000070000238c000)]
  0x00007fccee871800 JavaThread "DestroyJavaVM" [_thread_blocked, id=5891, stack(0x000070000011a000,0x000070000021a000)]
  0x00007fccef90a800 JavaThread "Java2D Queue Flusher" daemon [_thread_blocked, id=56839, stack(0x0000700002189000,0x0000700002289000)]
  0x00007fccec857800 JavaThread "Java2D Disposer" daemon [_thread_blocked, id=55559, stack(0x0000700002086000,0x0000700002186000)]
  0x00007fccf20c5800 JavaThread "AWT-Shutdown" [_thread_blocked, id=34835, stack(0x0000700001c71000,0x0000700001d71000)]
  0x00007fccf10ea800 JavaThread "AppKit Thread" daemon [_thread_in_native, id=2571, stack(0x00007fff55f93000,0x00007fff56793000)]
  0x00007fccec842800 JavaThread "Thread-1" [_thread_blocked, id=24835, stack(0x0000700001a68000,0x0000700001b68000)]
  0x00007fccf1834000 JavaThread "Service Thread" daemon [_thread_blocked, id=23811, stack(0x0000700001862000,0x0000700001962000)]
  0x00007fccf0826800 JavaThread "C1 CompilerThread3" daemon [_thread_blocked, id=23299, stack(0x000070000175f000,0x000070000185f000)]
  0x00007fccf0826000 JavaThread "C2 CompilerThread2" daemon [_thread_blocked, id=22787, stack(0x000070000165c000,0x000070000175c000)]
  0x00007fccf202a000 JavaThread "C2 CompilerThread1" daemon [_thread_in_native, id=22275, stack(0x0000700001559000,0x0000700001659000)]
  0x00007fccf2029800 JavaThread "C2 CompilerThread0" daemon [_thread_blocked, id=21763, stack(0x0000700001456000,0x0000700001556000)]
  0x00007fccec01e000 JavaThread "JDWP Command Reader" daemon [_thread_in_native, id=21251, stack(0x0000700001353000,0x0000700001453000)]
  0x00007fccf102f800 JavaThread "JDWP Event Helper Thread" daemon [_thread_blocked, id=20739, stack(0x0000700001250000,0x0000700001350000)]
  0x00007fcced002000 JavaThread "JDWP Transport Listener: dt_socket" daemon [_thread_blocked, id=20227, stack(0x000070000114d000,0x000070000124d000)]
  0x00007fccf102e800 JavaThread "Signal Dispatcher" daemon [_thread_blocked, id=16911, stack(0x000070000104a000,0x000070000114a000)]
  0x00007fccec004000 JavaThread "Finalizer" daemon [_thread_blocked, id=15363, stack(0x0000700000e41000,0x0000700000f41000)]
  0x00007fccf0816800 JavaThread "Reference Handler" daemon [_thread_blocked, id=14851, stack(0x0000700000d3e000,0x0000700000e3e000)]

Other Threads:
  0x00007fccee82b800 VMThread [stack: 0x0000700000c3b000,0x0000700000d3b000] [id=14339]
  0x00007fccee010000 WatcherThread [stack: 0x0000700001965000,0x0000700001a65000] [id=24323]

VM state:not at safepoint (normal execution)

VM Mutex/Monitor currently owned by a thread: None

Heap:
 PSYoungGen      total 305664K, used 152505K [0x000000066ab00000, 0x0000000680000000, 0x00000007c0000000)
  eden space 262144K, 58% used [0x000000066ab00000,0x0000000673fee530,0x000000067ab00000)
  from space 43520K, 0% used [0x000000067d580000,0x000000067d580000,0x0000000680000000)
  to   space 43520K, 0% used [0x000000067ab00000,0x000000067ab00000,0x000000067d580000)
 ParOldGen       total 699392K, used 0K [0x00000003c0000000, 0x00000003eab00000, 0x000000066ab00000)
  object space 699392K, 0% used [0x00000003c0000000,0x00000003c0000000,0x00000003eab00000)
 Metaspace       used 17670K, capacity 17942K, committed 18176K, reserved 1064960K
  class space    used 2106K, capacity 2228K, committed 2304K, reserved 1048576K

Card table byte_map: [0x000000011b361000,0x000000011d362000] byte_map_base: 0x0000000119561000

Marking Bits: (ParMarkBitMap*) 0x000000010b8efd20
 Begin Bits: [0x000000011e8b8000, 0x000000012e8b8000)
 End Bits:   [0x000000012e8b8000, 0x000000013e8b8000)

Polling page: 0x0000000109730000

CodeCache: size=245760Kb used=5121Kb max_used=5137Kb free=240638Kb
 bounds [0x000000010bfa1000, 0x000000010c4b1000, 0x000000011afa1000]
 total_blobs=2000 nmethods=1473 adapters=448
 compilation: enabled

Compilation events (10 events):
Event: 46.333 Thread 0x00007fccf202a000 nmethod 1464 0x000000010c49d110 code [0x000000010c49d2c0, 0x000000010c49d948]
Event: 46.333 Thread 0x00007fccf202a000 1468       4       org.bridj.Pointer$OrderedPointer::getLongAtOffset (53 bytes)
Event: 46.334 Thread 0x00007fccf202a000 nmethod 1468 0x000000010c49af90 code [0x000000010c49b0e0, 0x000000010c49b1c8]
Event: 46.341 Thread 0x00007fccf2029800 nmethod 1465 0x000000010c4a26d0 code [0x000000010c4a2900, 0x000000010c4a3888]
Event: 46.345 Thread 0x00007fccf0826800 1472 %     3       pw.tmg.client.module.mac.MacClipboardContent::<init> @ 20 (87 bytes)
Event: 46.346 Thread 0x00007fccf0826800 nmethod 1472% 0x000000010c4a0e90 code [0x000000010c4a1100, 0x000000010c4a1f48]
Event: 46.347 Thread 0x00007fccf0826800 1473       3       pw.tmg.client.module.mac.MacClipboardContent::<init> (87 bytes)
Event: 46.349 Thread 0x00007fccf0826800 nmethod 1473 0x000000010c49f310 code [0x000000010c49f580, 0x000000010c4a0628]
Event: 46.353 Thread 0x00007fccf0826000 nmethod 1470 0x000000010c4a76d0 code [0x000000010c4a78e0, 0x000000010c4a8b48]
Event: 46.355 Thread 0x00007fccf202a000 1474 %     4       pw.tmg.client.module.mac.MacClipboardContent::<init> @ 20 (87 bytes)

GC Heap History (0 events):
No events

Deoptimization events (10 events):
Event: 3.534 Thread 0x00007fccef92f800 Uncommon trap: reason=unstable_if action=reinterpret pc=0x000000010c320b50 method=java.io.ByteArrayInputStream.read()I @ 8
Event: 3.873 Thread 0x00007fccef92f800 Uncommon trap: reason=class_check action=maybe_recompile pc=0x000000010c3bb734 method=java.util.regex.Pattern$Curly.match(Ljava/util/regex/Matcher;ILjava/lang/CharSequence;)Z @ 19
Event: 4.317 Thread 0x00007fccef92f800 Uncommon trap: reason=class_check action=maybe_recompile pc=0x000000010c28940c method=sun.misc.URLClassPath.getLoader(I)Lsun/misc/URLClassPath$Loader; @ 94
Event: 4.317 Thread 0x00007fccef92f800 Uncommon trap: reason=class_check action=maybe_recompile pc=0x000000010c28940c method=sun.misc.URLClassPath.getLoader(I)Lsun/misc/URLClassPath$Loader; @ 94
Event: 4.326 Thread 0x00007fccef92f800 Uncommon trap: reason=unstable_if action=reinterpret pc=0x000000010c307820 method=java.lang.Integer.parseInt(Ljava/lang/String;I)I @ 122
Event: 4.420 Thread 0x00007fccf11e7800 Uncommon trap: reason=class_check action=maybe_recompile pc=0x000000010c38f108 method=java.io.DataInputStream.readInt()I @ 4
Event: 4.421 Thread 0x00007fccf11e7800 Uncommon trap: reason=class_check action=maybe_recompile pc=0x000000010c38f108 method=java.io.DataInputStream.readInt()I @ 4
Event: 4.421 Thread 0x00007fccf11e7800 Uncommon trap: reason=class_check action=maybe_recompile pc=0x000000010c38f108 method=java.io.DataInputStream.readInt()I @ 4
Event: 4.421 Thread 0x00007fccf11e7800 Uncommon trap: reason=class_check action=maybe_recompile pc=0x000000010c38f108 method=java.io.DataInputStream.readInt()I @ 4
Event: 46.291 Thread 0x00007fccee18f000 Uncommon trap: reason=unstable_if action=reinterpret pc=0x000000010c3da090 method=java.lang.ThreadLocal$ThreadLocalMap.getEntry(Ljava/lang/ThreadLocal;)Ljava/lang/ThreadLocal$ThreadLocalMap$Entry; @ 29

Internal exceptions (10 events):
Event: 4.318 Thread 0x00007fccef92f800 Exception <a 'java/security/PrivilegedActionException'> (0x00000006717ed0d8) thrown at [/Users/java_re/workspace/8-2-build-macosx-x86_64/jdk8u111/7883/hotspot/src/share/vm/prims/jvm.cpp, line 1386]
Event: 4.318 Thread 0x00007fccef92f800 Exception <a 'java/security/PrivilegedActionException'> (0x00000006717ee548) thrown at [/Users/java_re/workspace/8-2-build-macosx-x86_64/jdk8u111/7883/hotspot/src/share/vm/prims/jvm.cpp, line 1386]
Event: 4.318 Thread 0x00007fccef92f800 Exception <a 'java/security/PrivilegedActionException'> (0x00000006717ee758) thrown at [/Users/java_re/workspace/8-2-build-macosx-x86_64/jdk8u111/7883/hotspot/src/share/vm/prims/jvm.cpp, line 1386]
Event: 4.320 Thread 0x00007fccef92f800 Exception <a 'java/security/PrivilegedActionException'> (0x000000067180bfc0) thrown at [/Users/java_re/workspace/8-2-build-macosx-x86_64/jdk8u111/7883/hotspot/src/share/vm/prims/jvm.cpp, line 1386]
Event: 4.320 Thread 0x00007fccef92f800 Exception <a 'java/security/PrivilegedActionException'> (0x000000067180c1d0) thrown at [/Users/java_re/workspace/8-2-build-macosx-x86_64/jdk8u111/7883/hotspot/src/share/vm/prims/jvm.cpp, line 1386]
Event: 4.320 Thread 0x00007fccef92f800 Exception <a 'java/security/PrivilegedActionException'> (0x000000067180d890) thrown at [/Users/java_re/workspace/8-2-build-macosx-x86_64/jdk8u111/7883/hotspot/src/share/vm/prims/jvm.cpp, line 1386]
Event: 4.320 Thread 0x00007fccef92f800 Exception <a 'java/security/PrivilegedActionException'> (0x000000067180daa0) thrown at [/Users/java_re/workspace/8-2-build-macosx-x86_64/jdk8u111/7883/hotspot/src/share/vm/prims/jvm.cpp, line 1386]
Event: 4.400 Thread 0x00007fccef92f800 Exception <a 'java/lang/NoSuchMethodError': apply> (0x0000000671c130e0) thrown at [/Users/java_re/workspace/8-2-build-macosx-x86_64/jdk8u111/7883/hotspot/src/share/vm/prims/jni.cpp, line 1613]
Event: 4.412 Thread 0x00007fccef92f800 Exception <a 'java/lang/NoSuchMethodError': apply> (0x0000000671c7fa60) thrown at [/Users/java_re/workspace/8-2-build-macosx-x86_64/jdk8u111/7883/hotspot/src/share/vm/prims/jni.cpp, line 1613]
Event: 4.413 Thread 0x00007fccef92f800 Exception <a 'java/lang/NoSuchMethodError': java.lang.Object.lambda$tryPlaySound$0(Ljava/lang/String;Lrx/SingleSubscriber;)V> (0x0000000671c867d8) thrown at [/Users/java_re/workspace/8-2-build-macosx-x86_64/jdk8u111/7883/hotspot/src/share/vm/interpreter/l

Events (10 events):
Event: 46.300 loading class org/bridj/TypedPointer
Event: 46.300 loading class org/bridj/TypedPointer done
Event: 46.300 Thread 0x00007fccee18f000 DEOPT PACKING pc=0x000000010c149e31 sp=0x0000700002389c30
Event: 46.300 Thread 0x00007fccee18f000 DEOPT UNPACKING pc=0x000000010bfe8633 sp=0x00007000023899a0 mode 1
Event: 46.300 Thread 0x00007fccee18f000 DEOPT PACKING pc=0x000000010c1323d4 sp=0x0000700002389cb0
Event: 46.300 Thread 0x00007fccee18f000 DEOPT UNPACKING pc=0x000000010bfe8633 sp=0x0000700002389af0 mode 1
Event: 46.301 Thread 0x00007fccee18f000 DEOPT PACKING pc=0x000000010c132174 sp=0x0000700002389e40
Event: 46.301 Thread 0x00007fccee18f000 DEOPT UNPACKING pc=0x000000010bfe8633 sp=0x0000700002389c80 mode 1
Event: 46.301 Executing VM operation: RevokeBias
Event: 46.301 Executing VM operation: RevokeBias done


Dynamic libraries:
0x000000000637d000 	/System/Library/Frameworks/Cocoa.framework/Versions/A/Cocoa
0x000000000637d000 	/System/Library/Frameworks/Security.framework/Versions/A/Security
0x000000000637d000 	/System/Library/Frameworks/ApplicationServices.framework/Versions/A/ApplicationServices
0x000000000637d000 	/usr/lib/libz.1.dylib
0x000000000637d000 	/usr/lib/libSystem.B.dylib
0x000000000637d000 	/usr/lib/libobjc.A.dylib
0x000000000637d000 	/System/Library/Frameworks/CoreFoundation.framework/Versions/A/CoreFoundation
0x000000000637d000 	/System/Library/Frameworks/Foundation.framework/Versions/C/Foundation
0x000000000637d000 	/System/Library/Frameworks/AppKit.framework/Versions/C/AppKit
0x000000000637d000 	/System/Library/Frameworks/CoreData.framework/Versions/A/CoreData
0x000000000637d000 	/System/Library/PrivateFrameworks/RemoteViewServices.framework/Versions/A/RemoteViewServices
0x000000000637d000 	/System/Library/PrivateFrameworks/UIFoundation.framework/Versions/A/UIFoundation
0x000000000637d000 	/usr/lib/libScreenReader.dylib
0x000000000637d000 	/System/Library/Frameworks/Accelerate.framework/Versions/A/Accelerate
0x000000000637d000 	/System/Library/Frameworks/IOSurface.framework/Versions/A/IOSurface
0x000000000637d000 	/System/Library/Frameworks/AudioToolbox.framework/Versions/A/AudioToolbox
0x000000000637d000 	/System/Library/Frameworks/AudioUnit.framework/Versions/A/AudioUnit
0x000000000637d000 	/System/Library/PrivateFrameworks/DataDetectorsCore.framework/Versions/A/DataDetectorsCore
0x000000000637d000 	/System/Library/PrivateFrameworks/DesktopServicesPriv.framework/Versions/A/DesktopServicesPriv
0x000000000637d000 	/System/Library/Frameworks/Carbon.framework/Versions/A/Frameworks/HIToolbox.framework/Versions/A/HIToolbox
0x000000000637d000 	/System/Library/Frameworks/QuartzCore.framework/Versions/A/QuartzCore
0x000000000637d000 	/System/Library/Frameworks/Carbon.framework/Versions/A/Frameworks/SpeechRecognition.framework/Versions/A/SpeechRecognition
0x000000000637d000 	/usr/lib/libauto.dylib
0x000000000637d000 	/usr/lib/libicucore.A.dylib
0x000000000637d000 	/usr/lib/libxml2.2.dylib
0x000000000637d000 	/System/Library/PrivateFrameworks/CoreUI.framework/Versions/A/CoreUI
0x000000000637d000 	/System/Library/Frameworks/CoreAudio.framework/Versions/A/CoreAudio
0x000000000637d000 	/System/Library/Frameworks/DiskArbitration.framework/Versions/A/DiskArbitration
0x000000000637d000 	/usr/lib/liblangid.dylib
0x000000000637d000 	/System/Library/PrivateFrameworks/MultitouchSupport.framework/Versions/A/MultitouchSupport
0x000000000637d000 	/System/Library/Frameworks/IOKit.framework/Versions/A/IOKit
0x000000000637d000 	/usr/lib/libDiagnosticMessagesClient.dylib
0x000000000637d000 	/System/Library/Frameworks/CoreServices.framework/Versions/A/CoreServices
0x000000000637d000 	/System/Library/PrivateFrameworks/PerformanceAnalysis.framework/Versions/A/PerformanceAnalysis
0x000000000637d000 	/System/Library/PrivateFrameworks/GenerationalStorage.framework/Versions/A/GenerationalStorage
0x000000000637d000 	/System/Library/Frameworks/OpenGL.framework/Versions/A/OpenGL
0x000000000637d000 	/System/Library/PrivateFrameworks/Sharing.framework/Versions/A/Sharing
0x000000000637d000 	/System/Library/Frameworks/CoreGraphics.framework/Versions/A/CoreGraphics
0x000000000637d000 	/System/Library/Frameworks/CoreImage.framework/Versions/A/CoreImage
0x000000000637d000 	/System/Library/Frameworks/CoreText.framework/Versions/A/CoreText
0x000000000637d000 	/System/Library/Frameworks/ImageIO.framework/Versions/A/ImageIO
0x000000000637d000 	/System/Library/PrivateFrameworks/Backup.framework/Versions/A/Backup
0x000000000637d000 	/usr/lib/libextension.dylib
0x000000000637d000 	/usr/lib/libarchive.2.dylib
0x000000000637d000 	/System/Library/Frameworks/CFNetwork.framework/Versions/A/CFNetwork
0x000000000637d000 	/System/Library/Frameworks/SystemConfiguration.framework/Versions/A/SystemConfiguration
0x000000000637d000 	/usr/lib/libCRFSuite.dylib
0x000000000637d000 	/usr/lib/libc++.1.dylib
0x000000000637d000 	/usr/lib/libc++abi.dylib
0x000000000637d000 	/usr/lib/system/libcache.dylib
0x000000000637d000 	/usr/lib/system/libcommonCrypto.dylib
0x000000000637d000 	/usr/lib/system/libcompiler_rt.dylib
0x000000000637d000 	/usr/lib/system/libcopyfile.dylib
0x000000000637d000 	/usr/lib/system/libcorecrypto.dylib
0x000000000637d000 	/usr/lib/system/libdispatch.dylib
0x000000000637d000 	/usr/lib/system/libdyld.dylib
0x000000000637d000 	/usr/lib/system/libkeymgr.dylib
0x000000000637d000 	/usr/lib/system/liblaunch.dylib
0x000000000637d000 	/usr/lib/system/libmacho.dylib
0x000000000637d000 	/usr/lib/system/libquarantine.dylib
0x000000000637d000 	/usr/lib/system/libremovefile.dylib
0x000000000637d000 	/usr/lib/system/libsystem_asl.dylib
0x000000000637d000 	/usr/lib/system/libsystem_blocks.dylib
0x000000000637d000 	/usr/lib/system/libsystem_c.dylib
0x000000000637d000 	/usr/lib/system/libsystem_configuration.dylib
0x000000000637d000 	/usr/lib/system/libsystem_coreservices.dylib
0x000000000637d000 	/usr/lib/system/libsystem_coretls.dylib
0x000000000637d000 	/usr/lib/system/libsystem_dnssd.dylib
0x000000000637d000 	/usr/lib/system/libsystem_info.dylib
0x000000000637d000 	/usr/lib/system/libsystem_kernel.dylib
0x000000000637d000 	/usr/lib/system/libsystem_m.dylib
0x000000000637d000 	/usr/lib/system/libsystem_malloc.dylib
0x000000000637d000 	/usr/lib/system/libsystem_network.dylib
0x000000000637d000 	/usr/lib/system/libsystem_networkextension.dylib
0x000000000637d000 	/usr/lib/system/libsystem_notify.dylib
0x000000000637d000 	/usr/lib/system/libsystem_platform.dylib
0x000000000637d000 	/usr/lib/system/libsystem_pthread.dylib
0x000000000637d000 	/usr/lib/system/libsystem_sandbox.dylib
0x000000000637d000 	/usr/lib/system/libsystem_secinit.dylib
0x000000000637d000 	/usr/lib/system/libsystem_trace.dylib
0x000000000637d000 	/usr/lib/system/libunc.dylib
0x000000000637d000 	/usr/lib/system/libunwind.dylib
0x000000000637d000 	/usr/lib/system/libxpc.dylib
0x000000000637d000 	/usr/lib/libenergytrace.dylib
0x000000000637d000 	/usr/lib/libbsm.0.dylib
0x000000000637d000 	/usr/lib/system/libkxld.dylib
0x000000000637d000 	/usr/lib/libxar.1.dylib
0x000000000637d000 	/usr/lib/libsqlite3.dylib
0x000000000637d000 	/usr/lib/libpam.2.dylib
0x000000000637d000 	/usr/lib/libOpenScriptingUtil.dylib
0x000000000637d000 	/usr/lib/libbz2.1.0.dylib
0x000000000637d000 	/usr/lib/liblzma.5.dylib
0x000000000637d000 	/System/Library/Frameworks/CoreServices.framework/Versions/A/Frameworks/FSEvents.framework/Versions/A/FSEvents
0x000000000637d000 	/System/Library/Frameworks/CoreServices.framework/Versions/A/Frameworks/CarbonCore.framework/Versions/A/CarbonCore
0x000000000637d000 	/System/Library/Frameworks/CoreServices.framework/Versions/A/Frameworks/Metadata.framework/Versions/A/Metadata
0x000000000637d000 	/System/Library/Frameworks/CoreServices.framework/Versions/A/Frameworks/OSServices.framework/Versions/A/OSServices
0x000000000637d000 	/System/Library/Frameworks/CoreServices.framework/Versions/A/Frameworks/SearchKit.framework/Versions/A/SearchKit
0x000000000637d000 	/System/Library/Frameworks/CoreServices.framework/Versions/A/Frameworks/AE.framework/Versions/A/AE
0x000000000637d000 	/System/Library/Frameworks/CoreServices.framework/Versions/A/Frameworks/LaunchServices.framework/Versions/A/LaunchServices
0x000000000637d000 	/System/Library/Frameworks/CoreServices.framework/Versions/A/Frameworks/DictionaryServices.framework/Versions/A/DictionaryServices
0x000000000637d000 	/System/Library/Frameworks/CoreServices.framework/Versions/A/Frameworks/SharedFileList.framework/Versions/A/SharedFileList
0x000000000637d000 	/System/Library/Frameworks/NetFS.framework/Versions/A/NetFS
0x000000000637d000 	/System/Library/PrivateFrameworks/NetAuth.framework/Versions/A/NetAuth
0x000000000637d000 	/System/Library/PrivateFrameworks/login.framework/Versions/A/Frameworks/loginsupport.framework/Versions/A/loginsupport
0x000000000637d000 	/System/Library/PrivateFrameworks/TCC.framework/Versions/A/TCC
0x000000000637d000 	/usr/lib/libmecabra.dylib
0x000000000637d000 	/System/Library/Frameworks/ApplicationServices.framework/Versions/A/Frameworks/ATS.framework/Versions/A/ATS
0x000000000637d000 	/System/Library/Frameworks/ApplicationServices.framework/Versions/A/Frameworks/ColorSync.framework/Versions/A/ColorSync
0x000000000637d000 	/System/Library/Frameworks/ApplicationServices.framework/Versions/A/Frameworks/HIServices.framework/Versions/A/HIServices
0x000000000637d000 	/System/Library/Frameworks/ApplicationServices.framework/Versions/A/Frameworks/LangAnalysis.framework/Versions/A/LangAnalysis
0x000000000637d000 	/System/Library/Frameworks/ApplicationServices.framework/Versions/A/Frameworks/PrintCore.framework/Versions/A/PrintCore
0x000000000637d000 	/System/Library/Frameworks/ApplicationServices.framework/Versions/A/Frameworks/QD.framework/Versions/A/QD
0x000000000637d000 	/System/Library/Frameworks/ApplicationServices.framework/Versions/A/Frameworks/SpeechSynthesis.framework/Versions/A/SpeechSynthesis
0x000000000637d000 	/System/Library/Frameworks/Metal.framework/Versions/A/Metal
0x000000000637d000 	/System/Library/Frameworks/Accelerate.framework/Versions/A/Frameworks/vImage.framework/Versions/A/vImage
0x000000000637d000 	/System/Library/Frameworks/Accelerate.framework/Versions/A/Frameworks/vecLib.framework/Versions/A/vecLib
0x000000000637d000 	/System/Library/Frameworks/Accelerate.framework/Versions/A/Frameworks/vecLib.framework/Versions/A/libvDSP.dylib
0x000000000637d000 	/System/Library/Frameworks/Accelerate.framework/Versions/A/Frameworks/vecLib.framework/Versions/A/libvMisc.dylib
0x000000000637d000 	/System/Library/Frameworks/Accelerate.framework/Versions/A/Frameworks/vecLib.framework/Versions/A/libLAPACK.dylib
0x000000000637d000 	/System/Library/Frameworks/Accelerate.framework/Versions/A/Frameworks/vecLib.framework/Versions/A/libBLAS.dylib
0x000000000637d000 	/System/Library/Frameworks/Accelerate.framework/Versions/A/Frameworks/vecLib.framework/Versions/A/libLinearAlgebra.dylib
0x000000000637d000 	/System/Library/Frameworks/Accelerate.framework/Versions/A/Frameworks/vecLib.framework/Versions/A/libSparseBLAS.dylib
0x000000000637d000 	/System/Library/PrivateFrameworks/GPUCompiler.framework/libmetal_timestamp.dylib
0x000000000637d000 	/System/Library/Frameworks/OpenGL.framework/Versions/A/Libraries/libCoreFSCache.dylib
0x000000000637d000 	/System/Library/PrivateFrameworks/IOAccelerator.framework/Versions/A/IOAccelerator
0x000000000637d000 	/System/Library/Frameworks/ApplicationServices.framework/Versions/A/Frameworks/ATS.framework/Versions/A/Resources/libFontParser.dylib
0x000000000637d000 	/System/Library/Frameworks/ApplicationServices.framework/Versions/A/Frameworks/ATS.framework/Versions/A/Resources/libFontRegistry.dylib
0x000000000637d000 	/System/Library/PrivateFrameworks/AppleVPA.framework/Versions/A/AppleVPA
0x000000000637d000 	/System/Library/PrivateFrameworks/AppleJPEG.framework/Versions/A/AppleJPEG
0x000000000637d000 	/System/Library/Frameworks/ImageIO.framework/Versions/A/Resources/libJPEG.dylib
0x000000000637d000 	/System/Library/Frameworks/ImageIO.framework/Versions/A/Resources/libTIFF.dylib
0x000000000637d000 	/System/Library/Frameworks/ImageIO.framework/Versions/A/Resources/libPng.dylib
0x000000000637d000 	/System/Library/Frameworks/ImageIO.framework/Versions/A/Resources/libGIF.dylib
0x000000000637d000 	/System/Library/Frameworks/ImageIO.framework/Versions/A/Resources/libJP2.dylib
0x000000000637d000 	/System/Library/Frameworks/ImageIO.framework/Versions/A/Resources/libRadiance.dylib
0x000000000637d000 	/System/Library/Frameworks/CoreVideo.framework/Versions/A/CoreVideo
0x000000000637d000 	/System/Library/Frameworks/OpenGL.framework/Versions/A/Libraries/libGLU.dylib
0x000000000637d000 	/System/Library/Frameworks/OpenGL.framework/Versions/A/Libraries/libGFXShared.dylib
0x000000000637d000 	/System/Library/Frameworks/OpenGL.framework/Versions/A/Libraries/libGL.dylib
0x000000000637d000 	/System/Library/Frameworks/OpenGL.framework/Versions/A/Libraries/libGLImage.dylib
0x000000000637d000 	/System/Library/Frameworks/OpenGL.framework/Versions/A/Libraries/libCVMSPluginSupport.dylib
0x000000000637d000 	/System/Library/Frameworks/OpenGL.framework/Versions/A/Libraries/libCoreVMClient.dylib
0x000000000637d000 	/usr/lib/libcompression.dylib
0x000000000637d000 	/usr/lib/libcups.2.dylib
0x000000000637d000 	/System/Library/Frameworks/Kerberos.framework/Versions/A/Kerberos
0x000000000637d000 	/System/Library/Frameworks/GSS.framework/Versions/A/GSS
0x000000000637d000 	/usr/lib/libresolv.9.dylib
0x000000000637d000 	/usr/lib/libiconv.2.dylib
0x000000000637d000 	/System/Library/PrivateFrameworks/Heimdal.framework/Versions/A/Heimdal
0x000000000637d000 	/usr/lib/libheimdal-asn1.dylib
0x000000000637d000 	/System/Library/Frameworks/OpenDirectory.framework/Versions/A/OpenDirectory
0x000000000637d000 	/System/Library/PrivateFrameworks/CommonAuth.framework/Versions/A/CommonAuth
0x000000000637d000 	/System/Library/Frameworks/OpenDirectory.framework/Versions/A/Frameworks/CFOpenDirectory.framework/Versions/A/CFOpenDirectory
0x000000000637d000 	/System/Library/Frameworks/SecurityFoundation.framework/Versions/A/SecurityFoundation
0x000000000637d000 	/System/Library/PrivateFrameworks/LanguageModeling.framework/Versions/A/LanguageModeling
0x000000000637d000 	/usr/lib/libmarisa.dylib
0x000000000637d000 	/usr/lib/libChineseTokenizer.dylib
0x000000000637d000 	/usr/lib/libcmph.dylib
0x000000000637d000 	/System/Library/Frameworks/ServiceManagement.framework/Versions/A/ServiceManagement
0x000000000637d000 	/usr/lib/libxslt.1.dylib
0x000000000637d000 	/System/Library/Frameworks/Carbon.framework/Versions/A/Frameworks/Ink.framework/Versions/A/Ink
0x000000000637d000 	/usr/lib/libFosl_dynamic.dylib
0x000000000637d000 	/System/Library/PrivateFrameworks/FaceCore.framework/Versions/A/FaceCore
0x000000000637d000 	/System/Library/Frameworks/OpenCL.framework/Versions/A/OpenCL
0x000000000637d000 	/System/Library/PrivateFrameworks/CrashReporterSupport.framework/Versions/A/CrashReporterSupport
0x000000000637d000 	/System/Library/PrivateFrameworks/IconServices.framework/Versions/A/IconServices
0x000000000637d000 	/System/Library/PrivateFrameworks/Apple80211.framework/Versions/A/Apple80211
0x000000000637d000 	/System/Library/Frameworks/CoreWLAN.framework/Versions/A/CoreWLAN
0x000000000637d000 	/System/Library/Frameworks/IOBluetooth.framework/Versions/A/IOBluetooth
0x000000000637d000 	/System/Library/PrivateFrameworks/CoreWiFi.framework/Versions/A/CoreWiFi
0x000000000637d000 	/System/Library/Frameworks/CoreBluetooth.framework/Versions/A/CoreBluetooth
0x000000000637d000 	/System/Library/PrivateFrameworks/ChunkingLibrary.framework/Versions/A/ChunkingLibrary
0x000000000637d000 	/System/Library/PrivateFrameworks/DebugSymbols.framework/Versions/A/DebugSymbols
0x000000000637d000 	/System/Library/PrivateFrameworks/CoreSymbolication.framework/Versions/A/CoreSymbolication
0x000000000637d000 	/System/Library/PrivateFrameworks/Symbolication.framework/Versions/A/Symbolication
0x000000000637d000 	/System/Library/PrivateFrameworks/SpeechRecognitionCore.framework/Versions/A/SpeechRecognitionCore
0x000000010b000000 	/Library/Java/JavaVirtualMachines/jdk1.8.0_111.jdk/Contents/Home/jre/lib/server/libjvm.dylib
0x000000000637d000 	/usr/lib/libstdc++.6.dylib
0x00000001096ed000 	/Library/Java/JavaVirtualMachines/jdk1.8.0_111.jdk/Contents/Home/jre/lib/libverify.dylib
0x00000001096fb000 	/Library/Java/JavaVirtualMachines/jdk1.8.0_111.jdk/Contents/Home/jre/lib/libjava.dylib
0x0000000109731000 	/Library/Java/JavaVirtualMachines/jdk1.8.0_111.jdk/Contents/Home/jre/lib/libjdwp.dylib
0x000000010977c000 	/Library/Java/JavaVirtualMachines/jdk1.8.0_111.jdk/Contents/Home/jre/lib/libnpt.dylib
0x0000000109780000 	/Library/Java/JavaVirtualMachines/jdk1.8.0_111.jdk/Contents/Home/jre/lib/libinstrument.dylib
0x00000001097de000 	/Library/Java/JavaVirtualMachines/jdk1.8.0_111.jdk/Contents/Home/jre/lib/libzip.dylib
0x000000014375f000 	/System/Library/Frameworks/JavaVM.framework/Frameworks/JavaRuntimeSupport.framework/JavaRuntimeSupport
0x00000001097e9000 	/System/Library/Frameworks/JavaVM.framework/Versions/A/Frameworks/JavaNativeFoundation.framework/Versions/A/JavaNativeFoundation
0x000000014377a000 	/System/Library/Frameworks/JavaVM.framework/Versions/A/JavaVM
0x000000000637d000 	/System/Library/Frameworks/Carbon.framework/Versions/A/Carbon
0x0000000143787000 	/System/Library/PrivateFrameworks/JavaLaunching.framework/Versions/A/JavaLaunching
0x000000000637d000 	/System/Library/Frameworks/Carbon.framework/Versions/A/Frameworks/CommonPanels.framework/Versions/A/CommonPanels
0x000000000637d000 	/System/Library/Frameworks/Carbon.framework/Versions/A/Frameworks/Help.framework/Versions/A/Help
0x000000000637d000 	/System/Library/Frameworks/Carbon.framework/Versions/A/Frameworks/ImageCapture.framework/Versions/A/ImageCapture
0x000000000637d000 	/System/Library/Frameworks/Carbon.framework/Versions/A/Frameworks/OpenScripting.framework/Versions/A/OpenScripting
0x000000000637d000 	/System/Library/Frameworks/Carbon.framework/Versions/A/Frameworks/Print.framework/Versions/A/Print
0x000000000637d000 	/System/Library/Frameworks/Carbon.framework/Versions/A/Frameworks/SecurityHI.framework/Versions/A/SecurityHI
0x00000001450a8000 	/Library/Java/JavaVirtualMachines/jdk1.8.0_111.jdk/Contents/Home/jre/lib/libdt_socket.dylib
0x0000000145397000 	/private/var/folders/xr/cz07bg2n2tq606hdhs_rr_lh0000gn/T/jna-3267769/jna6257464120281035942.tmp
0x00000001453ae000 	/Library/Java/JavaVirtualMachines/jdk1.8.0_111.jdk/Contents/Home/jre/lib/libawt.dylib
0x0000000145456000 	/Library/Java/JavaVirtualMachines/jdk1.8.0_111.jdk/Contents/Home/jre/lib/./libmlib_image.dylib
0x0000000145522000 	/Library/Java/JavaVirtualMachines/jdk1.8.0_111.jdk/Contents/Home/jre/lib/libawt_lwawt.dylib
0x00000001455d7000 	/Library/Java/JavaVirtualMachines/jdk1.8.0_111.jdk/Contents/Home/jre/lib/./libosxapp.dylib
0x000000000637d000 	/System/Library/Frameworks/ExceptionHandling.framework/Versions/A/ExceptionHandling
0x000000000637d000 	/System/Library/PrivateFrameworks/CoreServicesInternal.framework/Versions/A/CoreServicesInternal
0x000000000637d000 	/System/Library/Frameworks/CoreGraphics.framework/Versions/A/Resources/libRIP.A.dylib
0x000000000637d000 	/System/Library/Frameworks/Accelerate.framework/Versions/A/Frameworks/vImage.framework/Versions/A/Libraries/libCGInterfaces.dylib
0x000000000637d000 	/System/Library/Frameworks/CoreGraphics.framework/Versions/A/Resources/libCGXType.A.dylib
0x000000000637d000 	/System/Library/Frameworks/OpenCL.framework/Versions/A/Libraries/libcldcpuengine.dylib
0x000000000637d000 	/System/Library/PrivateFrameworks/DiskImages.framework/Versions/A/DiskImages
0x000000000637d000 	/System/Library/Frameworks/DiscRecording.framework/Versions/A/DiscRecording
0x000000000637d000 	/usr/lib/libcsfde.dylib
0x000000000637d000 	/usr/lib/libcurl.4.dylib
0x000000000637d000 	/System/Library/PrivateFrameworks/MediaKit.framework/Versions/A/MediaKit
0x000000000637d000 	/System/Library/PrivateFrameworks/ProtectedCloudStorage.framework/Versions/A/ProtectedCloudStorage
0x000000000637d000 	/usr/lib/libCoreStorage.dylib
0x000000000637d000 	/System/Library/PrivateFrameworks/EFILogin.framework/Versions/A/EFILogin
0x000000000637d000 	/usr/lib/libutil.dylib
0x000000000637d000 	/System/Library/PrivateFrameworks/FindMyDevice.framework/Versions/A/FindMyDevice
0x000000000637d000 	/System/Library/Frameworks/LDAP.framework/Versions/A/LDAP
0x000000000637d000 	/usr/lib/libsasl2.2.dylib
0x000000000637d000 	/System/Library/PrivateFrameworks/CoreDaemon.framework/Versions/B/CoreDaemon
0x000000000637d000 	/usr/lib/libcrypto.0.9.8.dylib
0x000000000637d000 	/System/Library/PrivateFrameworks/AppleSRP.framework/Versions/A/AppleSRP
0x000000000637d000 	/System/Library/PrivateFrameworks/TrustEvaluationAgent.framework/Versions/A/TrustEvaluationAgent
0x0000000146f82000 	cl_kernels
0x000000000637d000 	/System/Library/Frameworks/OpenCL.framework/Versions/A/Libraries/ImageFormats/unorm8_bgra.dylib
0x000000000637d000 	/System/Library/Frameworks/OpenCL.framework/Versions/A/Libraries/ImageFormats/unorm8_rgba.dylib
0x000000000637d000 	/System/Library/PrivateFrameworks/FamilyControls.framework/Versions/A/FamilyControls
0x000000000637d000 	/System/Library/PrivateFrameworks/CommerceKit.framework/Versions/A/Frameworks/CommerceCore.framework/Versions/A/CommerceCore
0x000000000637d000 	/System/Library/PrivateFrameworks/SystemAdministration.framework/Versions/A/SystemAdministration
0x000000000637d000 	/System/Library/PrivateFrameworks/AppContainer.framework/Versions/A/AppContainer
0x000000000637d000 	/System/Library/PrivateFrameworks/SecCodeWrapper.framework/Versions/A/SecCodeWrapper
0x000000000637d000 	/System/Library/Frameworks/DirectoryService.framework/Versions/A/DirectoryService
0x000000000637d000 	/System/Library/PrivateFrameworks/LoginUIKit.framework/Versions/A/Frameworks/LoginUICore.framework/Versions/A/LoginUICore
0x000000000637d000 	/usr/lib/libodfde.dylib
0x0000000145298000 	/Library/Java/JavaVirtualMachines/jdk1.8.0_111.jdk/Contents/Home/jre/lib/libnio.dylib
0x00000001452a8000 	/Library/Java/JavaVirtualMachines/jdk1.8.0_111.jdk/Contents/Home/jre/lib/./libnet.dylib
0x00000001462a6000 	/Library/Java/JavaVirtualMachines/jdk1.8.0_111.jdk/Contents/Home/jre/lib/libfontmanager.dylib
0x000000000637d000 	/System/Library/Frameworks/OpenGL.framework/Versions/A/Resources/GLEngine.bundle/GLEngine
0x000000000637d000 	/System/Library/Frameworks/OpenGL.framework/Versions/A/Libraries/libGLProgrammability.dylib
0x000000000637d000 	/System/Library/Extensions/GeForceGLDriver.bundle/Contents/MacOS/GeForceGLDriver
0x000000000637d000 	/System/Library/Extensions/GeForceGLDriver.bundle/Contents/MacOS/libclh.dylib
0x000000000637d000 	/System/Library/PrivateFrameworks/GPUSupport.framework/Versions/A/Libraries/libGPUSupportMercury.dylib
0x000000000637d000 	/System/Library/Frameworks/OpenGL.framework/Versions/A/Resources/GLRendererFloat.bundle/GLRendererFloat
0x0000000149153000 	/Library/Java/JavaVirtualMachines/jdk1.8.0_111.jdk/Contents/Home/jre/lib/libsunec.dylib
0x00000001495cc000 	/private/var/folders/xr/cz07bg2n2tq606hdhs_rr_lh0000gn/T/BridJExtractedLibraries4232690050168585689/libbridj.dylib
0x0000000148f4e000 	/var/folders/xr/cz07bg2n2tq606hdhs_rr_lh0000gn/T/BridJExtractedLibraries4232690050168585689/libmac-utils.dylib
0x00000001495ee000 	/Library/Java/JavaVirtualMachines/jdk1.8.0_111.jdk/Contents/Home/jre/lib/libjsound.dylib
0x0000000149601000 	/System/Library/Frameworks/CoreMIDI.framework/Versions/A/CoreMIDI
0x0000000149661000 	/usr/lib/libexpat.1.dylib
0x0000000149685000 	/System/Library/Extensions/AppleHDA.kext/Contents/PlugIns/AppleHDAHALPlugIn.bundle/Contents/MacOS/AppleHDAHALPlugIn
0x000000014968f000 	/System/Library/Components/CoreAudio.component/Contents/MacOS/CoreAudio
0x000000000637d000 	/System/Library/CoreServices/RawCamera.bundle/Contents/MacOS/RawCamera

VM Arguments:
jvm_args: -agentlib:jdwp=transport=dt_socket,address=127.0.0.1:58270,suspend=y,server=n -javaagent:/Users/joey/Library/Caches/IntelliJIdea2016.1/groovyHotSwap/gragent.jar -Dfile.encoding=UTF-8 
java_command: pw.tmg.client.TmgClient
java_class_path (initial): /Library/Java/JavaVirtualMachines/jdk1.8.0_111.jdk/Contents/Home/jre/lib/charsets.jar:/Library/Java/JavaVirtualMachines/jdk1.8.0_111.jdk/Contents/Home/jre/lib/deploy.jar:/Library/Java/JavaVirtualMachines/jdk1.8.0_111.jdk/Contents/Home/jre/lib/ext/cldrdata.jar:/Library/Java/JavaVirtualMachines/jdk1.8.0_111.jdk/Contents/Home/jre/lib/ext/dnsns.jar:/Library/Java/JavaVirtualMachines/jdk1.8.0_111.jdk/Contents/Home/jre/lib/ext/jaccess.jar:/Library/Java/JavaVirtualMachines/jdk1.8.0_111.jdk/Contents/Home/jre/lib/ext/jfxrt.jar:/Library/Java/JavaVirtualMachines/jdk1.8.0_111.jdk/Contents/Home/jre/lib/ext/localedata.jar:/Library/Java/JavaVirtualMachines/jdk1.8.0_111.jdk/Contents/Home/jre/lib/ext/nashorn.jar:/Library/Java/JavaVirtualMachines/jdk1.8.0_111.jdk/Contents/Home/jre/lib/ext/sunec.jar:/Library/Java/JavaVirtualMachines/jdk1.8.0_111.jdk/Contents/Home/jre/lib/ext/sunjce_provider.jar:/Library/Java/JavaVirtualMachines/jdk1.8.0_111.jdk/Contents/Home/jre/lib/ext/sunpkcs11.jar:/Library/Java/JavaVirtualMachines/jdk1.8.0_111.jdk/Contents/Home/jre/lib/ext/zipfs.jar:/Library/Java/JavaVirtualMachines/jdk1.8.0_111.jdk/Contents/Home/jre/lib/javaws.jar:/Library/Java/JavaVirtualMachines/jdk1.8.0_111.jdk/Contents/Home/jre/lib/jce.jar:/Library/Java/JavaVirtualMachines/jdk1.8.0_111.jdk/Contents/Home/jre/lib/jfr.jar:/Library/Java/JavaVirtualMachines/jdk1.8.0_111.jdk/Contents/Home/jre/lib/jfxswt.jar:/Library/Java/JavaVirtualMachines/jdk1.8.0_111.jdk/Contents/Home/jre/lib/jsse.jar:/Library/Java/JavaVirtualMachines/jdk1.8.0_111.jdk/Contents/Home/jre/lib/management-agent.jar:/Library/Java/JavaVirtualMachines/jdk1.8.0_111.jdk/Contents/Home/jre/lib/plugin.jar:/Library/Java/JavaVirtualMachines/jdk1.8.0_111.jdk/Contents/Home/jre/lib/resources.jar:/Library/Java/JavaVirtualMachines/jdk1.8.0_111.jdk/Contents/Home/jre/lib/rt.jar:/Library/Java/JavaVirtualMachines/jdk1.8.0_111.jdk/Contents/Home/lib/ant-javafx.jar:/Library/Java/JavaVirtualMachines/jdk1.8.0_111.jdk/Contents/Home
Launcher Type: SUN_STANDARD

Environment Variables:
PATH=/Users/joey/.nvm/versions/node/v6.7.0/bin:/Library/Frameworks/Python.framework/Versions/3.5/bin:/usr/local/bin:/usr/bin:/bin:/usr/sbin:/sbin:/usr/local/go/bin:/Library/Frameworks/Mono.framework/Versions/Current/Commands:/Users/joey/go/bin
SHELL=/bin/bash

Signal Handlers:
SIGSEGV: [libjvm.dylib+0x5b03ed], sa_mask[0]=11111111011111110111111111111111, sa_flags=SA_ONSTACK|SA_RESTART|SA_SIGINFO
SIGBUS: [libjvm.dylib+0x5b03ed], sa_mask[0]=11111111011111110111111111111111, sa_flags=SA_RESTART|SA_SIGINFO
SIGFPE: [libjvm.dylib+0x48711c], sa_mask[0]=11111111011111110111111111111111, sa_flags=SA_RESTART|SA_SIGINFO
SIGPIPE: [libjvm.dylib+0x48711c], sa_mask[0]=11111111011111110111111111111111, sa_flags=SA_RESTART|SA_SIGINFO
SIGXFSZ: [libjvm.dylib+0x48711c], sa_mask[0]=11111111011111110111111111111111, sa_flags=SA_RESTART|SA_SIGINFO
SIGILL: [libjvm.dylib+0x48711c], sa_mask[0]=11111111011111110111111111111111, sa_flags=SA_RESTART|SA_SIGINFO
SIGUSR1: SIG_DFL, sa_mask[0]=00000000000000000000000000000000, sa_flags=none
SIGUSR2: [libjvm.dylib+0x486c3a], sa_mask[0]=00100000000000000000000000000000, sa_flags=SA_RESTART|SA_SIGINFO
SIGHUP: [libjvm.dylib+0x485211], sa_mask[0]=11111111011111110111111111111111, sa_flags=SA_RESTART|SA_SIGINFO
SIGINT: [libjvm.dylib+0x485211], sa_mask[0]=11111111011111110111111111111111, sa_flags=SA_RESTART|SA_SIGINFO
SIGTERM: [libjvm.dylib+0x485211], sa_mask[0]=11111111011111110111111111111111, sa_flags=SA_RESTART|SA_SIGINFO
SIGQUIT: [libjvm.dylib+0x485211], sa_mask[0]=11111111011111110111111111111111, sa_flags=SA_RESTART|SA_SIGINFO


---------------  S Y S T E M  ---------------

OS:Bsduname:Darwin 15.6.0 Darwin Kernel Version 15.6.0: Thu Jun 23 18:25:34 PDT 2016; root:xnu-3248.60.10~1/RELEASE_X86_64 x86_64
rlimit: STACK 8192k, CORE 0k, NPROC 709, NOFILE 10240, AS infinity
load average:3.80 3.47 3.14

CPU:total 12 (6 cores per cpu, 2 threads per core) family 6 model 45 stepping 7, cmov, cx8, fxsr, mmx, sse, sse2, sse3, ssse3, sse4.1, sse4.2, popcnt, avx, aes, clmul, ht, tsc, tscinvbit, tscinv

Memory: 4k page, physical 67108864k(2029512k free)

/proc/meminfo:


vm_info: Java HotSpot(TM) 64-Bit Server VM (25.111-b14) for bsd-amd64 JRE (1.8.0_111-b14), built on Sep 22 2016 15:31:41 by "java_re" with gcc 4.2.1 (Based on Apple Inc. build 5658) (LLVM build 2336.11.00)

time: Fri Dec 16 03:46:53 2016
elapsed time: 46 seconds (0d 0h 0m 46s)

